{"/Users/ginanjardp/Documents/AIZEN/SOURCE CODE/template-api-ts-clean-architecture/src/infrastructure/database/index.ts": {"path":"/Users/ginanjardp/Documents/AIZEN/SOURCE CODE/template-api-ts-clean-architecture/src/infrastructure/database/index.ts","statementMap":{"0":{"start":{"line":1,"column":0},"end":{"line":1,"column":9}},"1":{"start":{"line":7,"column":4},"end":{"line":1,"column":91}},"2":{"start":{"line":2,"column":0},"end":{"line":2,"column":9}},"3":{"start":{"line":8,"column":4},"end":{"line":2,"column":89}},"4":{"start":{"line":3,"column":0},"end":{"line":3,"column":9}},"5":{"start":{"line":9,"column":4},"end":{"line":3,"column":86}},"6":{"start":{"line":4,"column":0},"end":{"line":4,"column":9}},"7":{"start":{"line":12,"column":4},"end":{"line":4,"column":100}}},"fnMap":{"0":{"name":"(anonymous_0)","decl":{"start":{"line":7,"column":4},"end":{"line":7,"column":19}},"loc":{"start":{"line":7,"column":4},"end":{"line":1,"column":91}}},"1":{"name":"(anonymous_1)","decl":{"start":{"line":8,"column":4},"end":{"line":8,"column":20}},"loc":{"start":{"line":8,"column":4},"end":{"line":2,"column":89}}},"2":{"name":"(anonymous_2)","decl":{"start":{"line":9,"column":4},"end":{"line":9,"column":18}},"loc":{"start":{"line":9,"column":4},"end":{"line":3,"column":86}}},"3":{"name":"(anonymous_3)","decl":{"start":{"line":12,"column":4},"end":{"line":12,"column":15}},"loc":{"start":{"line":12,"column":4},"end":{"line":4,"column":100}}}},"branchMap":{},"s":{"0":5,"1":5,"2":5,"3":5,"4":5,"5":10,"6":5,"7":5},"f":{"0":0,"1":0,"2":5,"3":0},"b":{}}
,"/Users/ginanjardp/Documents/AIZEN/SOURCE CODE/template-api-ts-clean-architecture/src/infrastructure/database/mongodb/base.repository.ts": {"path":"/Users/ginanjardp/Documents/AIZEN/SOURCE CODE/template-api-ts-clean-architecture/src/infrastructure/database/mongodb/base.repository.ts","statementMap":{"0":{"start":{"line":1,"column":0},"end":{"line":1,"column":51}},"1":{"start":{"line":3,"column":0},"end":{"line":3,"column":null}},"2":{"start":{"line":28,"column":35},"end":{"line":28,"column":50}},"3":{"start":{"line":33,"column":8},"end":{"line":81,"column":9}},"4":{"start":{"line":40,"column":16},"end":{"line":40,"column":20}},"5":{"start":{"line":42,"column":32},"end":{"line":42,"column":49}},"6":{"start":{"line":43,"column":26},"end":{"line":43,"column":44}},"7":{"start":{"line":45,"column":51},"end":{"line":45,"column":53}},"8":{"start":{"line":47,"column":12},"end":{"line":51,"column":15}},"9":{"start":{"line":48,"column":16},"end":{"line":50,"column":17}},"10":{"start":{"line":49,"column":20},"end":{"line":49,"column":66}},"11":{"start":{"line":53,"column":49},"end":{"line":55,"column":14}},"12":{"start":{"line":57,"column":46},"end":{"line":75,"column":14}},"13":{"start":{"line":77,"column":27},"end":{"line":77,"column":91}},"14":{"start":{"line":78,"column":12},"end":{"line":78,"column":51}},"15":{"start":{"line":80,"column":12},"end":{"line":80,"column":126}},"16":{"start":{"line":93,"column":20},"end":{"line":93,"column":86}},"17":{"start":{"line":95,"column":8},"end":{"line":95,"column":66}},"18":{"start":{"line":95,"column":39},"end":{"line":95,"column":66}},"19":{"start":{"line":96,"column":8},"end":{"line":96,"column":63}},"20":{"start":{"line":96,"column":38},"end":{"line":96,"column":63}},"21":{"start":{"line":98,"column":8},"end":{"line":98,"column":28}},"22":{"start":{"line":106,"column":8},"end":{"line":114,"column":9}},"23":{"start":{"line":107,"column":26},"end":{"line":107,"column":64}},"24":{"start":{"line":108,"column":12},"end":{"line":110,"column":13}},"25":{"start":{"line":109,"column":16},"end":{"line":109,"column":39}},"26":{"start":{"line":111,"column":12},"end":{"line":111,"column":38}},"27":{"start":{"line":113,"column":12},"end":{"line":113,"column":115}},"28":{"start":{"line":118,"column":8},"end":{"line":123,"column":9}},"29":{"start":{"line":119,"column":29},"end":{"line":119,"column":49}},"30":{"start":{"line":120,"column":12},"end":{"line":120,"column":52}},"31":{"start":{"line":122,"column":12},"end":{"line":122,"column":112}},"32":{"start":{"line":132,"column":8},"end":{"line":144,"column":9}},"33":{"start":{"line":133,"column":12},"end":{"line":141,"column":20}},"34":{"start":{"line":143,"column":12},"end":{"line":143,"column":114}},"35":{"start":{"line":153,"column":8},"end":{"line":159,"column":9}},"36":{"start":{"line":154,"column":48},"end":{"line":154,"column":73}},"37":{"start":{"line":155,"column":12},"end":{"line":155,"column":57}},"38":{"start":{"line":155,"column":25},"end":{"line":155,"column":57}},"39":{"start":{"line":156,"column":12},"end":{"line":156,"column":83}},"40":{"start":{"line":158,"column":12},"end":{"line":158,"column":112}},"41":{"start":{"line":166,"column":8},"end":{"line":170,"column":9}},"42":{"start":{"line":167,"column":12},"end":{"line":167,"column":71}},"43":{"start":{"line":169,"column":12},"end":{"line":169,"column":114}},"44":{"start":{"line":174,"column":8},"end":{"line":178,"column":9}},"45":{"start":{"line":175,"column":12},"end":{"line":175,"column":101}},"46":{"start":{"line":177,"column":12},"end":{"line":177,"column":135}},"47":{"start":{"line":186,"column":8},"end":{"line":192,"column":9}},"48":{"start":{"line":187,"column":12},"end":{"line":189,"column":20}},"49":{"start":{"line":191,"column":12},"end":{"line":191,"column":112}},"50":{"start":{"line":199,"column":8},"end":{"line":203,"column":9}},"51":{"start":{"line":200,"column":12},"end":{"line":200,"column":93}},"52":{"start":{"line":202,"column":12},"end":{"line":202,"column":139}},"53":{"start":{"line":207,"column":8},"end":{"line":211,"column":9}},"54":{"start":{"line":208,"column":12},"end":{"line":208,"column":60}},"55":{"start":{"line":210,"column":12},"end":{"line":210,"column":111}},"56":{"start":{"line":218,"column":8},"end":{"line":222,"column":9}},"57":{"start":{"line":219,"column":12},"end":{"line":219,"column":86}},"58":{"start":{"line":221,"column":12},"end":{"line":221,"column":114}},"59":{"start":{"line":230,"column":8},"end":{"line":234,"column":9}},"60":{"start":{"line":231,"column":12},"end":{"line":231,"column":73}},"61":{"start":{"line":233,"column":12},"end":{"line":233,"column":114}},"62":{"start":{"line":243,"column":8},"end":{"line":247,"column":9}},"63":{"start":{"line":244,"column":12},"end":{"line":244,"column":86}},"64":{"start":{"line":246,"column":12},"end":{"line":246,"column":112}},"65":{"start":{"line":251,"column":8},"end":{"line":255,"column":9}},"66":{"start":{"line":252,"column":12},"end":{"line":252,"column":65}},"67":{"start":{"line":254,"column":12},"end":{"line":254,"column":119}},"68":{"start":{"line":259,"column":8},"end":{"line":263,"column":9}},"69":{"start":{"line":260,"column":12},"end":{"line":260,"column":64}},"70":{"start":{"line":262,"column":12},"end":{"line":262,"column":118}},"71":{"start":{"line":267,"column":8},"end":{"line":272,"column":9}},"72":{"start":{"line":268,"column":30},"end":{"line":268,"column":69}},"73":{"start":{"line":268,"column":46},"end":{"line":268,"column":68}},"74":{"start":{"line":269,"column":12},"end":{"line":269,"column":71}},"75":{"start":{"line":271,"column":12},"end":{"line":271,"column":125}},"76":{"start":{"line":280,"column":8},"end":{"line":286,"column":9}},"77":{"start":{"line":281,"column":12},"end":{"line":283,"column":20}},"78":{"start":{"line":285,"column":12},"end":{"line":285,"column":120}},"79":{"start":{"line":293,"column":8},"end":{"line":297,"column":9}},"80":{"start":{"line":294,"column":12},"end":{"line":294,"column":88}},"81":{"start":{"line":296,"column":12},"end":{"line":296,"column":114}},"82":{"start":{"line":307,"column":8},"end":{"line":313,"column":9}},"83":{"start":{"line":308,"column":33},"end":{"line":308,"column":67}},"84":{"start":{"line":309,"column":26},"end":{"line":309,"column":89}},"85":{"start":{"line":310,"column":12},"end":{"line":310,"column":38}},"86":{"start":{"line":312,"column":12},"end":{"line":312,"column":112}},"87":{"start":{"line":321,"column":8},"end":{"line":325,"column":9}},"88":{"start":{"line":322,"column":12},"end":{"line":322,"column":77}},"89":{"start":{"line":324,"column":12},"end":{"line":324,"column":112}},"90":{"start":{"line":333,"column":8},"end":{"line":337,"column":9}},"91":{"start":{"line":334,"column":12},"end":{"line":334,"column":70}},"92":{"start":{"line":336,"column":12},"end":{"line":336,"column":112}},"93":{"start":{"line":345,"column":8},"end":{"line":349,"column":9}},"94":{"start":{"line":346,"column":12},"end":{"line":346,"column":91}},"95":{"start":{"line":348,"column":12},"end":{"line":348,"column":122}},"96":{"start":{"line":353,"column":8},"end":{"line":357,"column":9}},"97":{"start":{"line":354,"column":12},"end":{"line":354,"column":66}},"98":{"start":{"line":356,"column":12},"end":{"line":356,"column":117}},"99":{"start":{"line":361,"column":8},"end":{"line":365,"column":9}},"100":{"start":{"line":362,"column":12},"end":{"line":362,"column":68}},"101":{"start":{"line":364,"column":12},"end":{"line":364,"column":117}},"102":{"start":{"line":369,"column":8},"end":{"line":373,"column":9}},"103":{"start":{"line":370,"column":12},"end":{"line":370,"column":67}},"104":{"start":{"line":372,"column":12},"end":{"line":372,"column":122}},"105":{"start":{"line":27,"column":0},"end":{"line":27,"column":22}}},"fnMap":{"0":{"name":"(anonymous_0)","decl":{"start":{"line":28,"column":4},"end":{"line":28,"column":35}},"loc":{"start":{"line":28,"column":50},"end":{"line":28,"column":54}}},"1":{"name":"(anonymous_1)","decl":{"start":{"line":30,"column":4},"end":{"line":30,"column":9}},"loc":{"start":{"line":31,"column":67},"end":{"line":82,"column":5}}},"2":{"name":"(anonymous_2)","decl":{"start":{"line":47,"column":44},"end":{"line":47,"column":45}},"loc":{"start":{"line":47,"column":61},"end":{"line":51,"column":13}}},"3":{"name":"(anonymous_3)","decl":{"start":{"line":84,"column":4},"end":{"line":84,"column":9}},"loc":{"start":{"line":91,"column":31},"end":{"line":99,"column":5}}},"4":{"name":"(anonymous_4)","decl":{"start":{"line":101,"column":4},"end":{"line":101,"column":9}},"loc":{"start":{"line":104,"column":31},"end":{"line":115,"column":5}}},"5":{"name":"(anonymous_5)","decl":{"start":{"line":117,"column":4},"end":{"line":117,"column":9}},"loc":{"start":{"line":117,"column":58},"end":{"line":124,"column":5}}},"6":{"name":"(anonymous_6)","decl":{"start":{"line":126,"column":4},"end":{"line":126,"column":9}},"loc":{"start":{"line":130,"column":31},"end":{"line":145,"column":5}}},"7":{"name":"(anonymous_7)","decl":{"start":{"line":147,"column":4},"end":{"line":147,"column":9}},"loc":{"start":{"line":151,"column":31},"end":{"line":160,"column":5}}},"8":{"name":"(anonymous_8)","decl":{"start":{"line":162,"column":4},"end":{"line":162,"column":9}},"loc":{"start":{"line":164,"column":30},"end":{"line":171,"column":5}}},"9":{"name":"(anonymous_9)","decl":{"start":{"line":173,"column":4},"end":{"line":173,"column":9}},"loc":{"start":{"line":173,"column":54},"end":{"line":179,"column":5}}},"10":{"name":"(anonymous_10)","decl":{"start":{"line":181,"column":4},"end":{"line":181,"column":9}},"loc":{"start":{"line":184,"column":30},"end":{"line":193,"column":5}}},"11":{"name":"(anonymous_11)","decl":{"start":{"line":195,"column":4},"end":{"line":195,"column":9}},"loc":{"start":{"line":197,"column":30},"end":{"line":204,"column":5}}},"12":{"name":"(anonymous_12)","decl":{"start":{"line":206,"column":4},"end":{"line":206,"column":9}},"loc":{"start":{"line":206,"column":43},"end":{"line":212,"column":5}}},"13":{"name":"(anonymous_13)","decl":{"start":{"line":214,"column":4},"end":{"line":214,"column":9}},"loc":{"start":{"line":216,"column":35},"end":{"line":223,"column":5}}},"14":{"name":"(anonymous_14)","decl":{"start":{"line":225,"column":4},"end":{"line":225,"column":9}},"loc":{"start":{"line":228,"column":37},"end":{"line":235,"column":5}}},"15":{"name":"(anonymous_15)","decl":{"start":{"line":237,"column":4},"end":{"line":237,"column":9}},"loc":{"start":{"line":241,"column":31},"end":{"line":248,"column":5}}},"16":{"name":"(anonymous_16)","decl":{"start":{"line":250,"column":4},"end":{"line":250,"column":9}},"loc":{"start":{"line":250,"column":74},"end":{"line":256,"column":5}}},"17":{"name":"(anonymous_17)","decl":{"start":{"line":258,"column":4},"end":{"line":258,"column":9}},"loc":{"start":{"line":258,"column":73},"end":{"line":264,"column":5}}},"18":{"name":"(anonymous_18)","decl":{"start":{"line":266,"column":4},"end":{"line":266,"column":9}},"loc":{"start":{"line":266,"column":33},"end":{"line":273,"column":5}}},"19":{"name":"(anonymous_19)","decl":{"start":{"line":268,"column":38},"end":{"line":268,"column":39}},"loc":{"start":{"line":268,"column":46},"end":{"line":268,"column":68}}},"20":{"name":"(anonymous_20)","decl":{"start":{"line":275,"column":4},"end":{"line":275,"column":9}},"loc":{"start":{"line":278,"column":30},"end":{"line":287,"column":5}}},"21":{"name":"(anonymous_21)","decl":{"start":{"line":289,"column":4},"end":{"line":289,"column":9}},"loc":{"start":{"line":291,"column":30},"end":{"line":298,"column":5}}},"22":{"name":"(anonymous_22)","decl":{"start":{"line":300,"column":4},"end":{"line":300,"column":9}},"loc":{"start":{"line":305,"column":31},"end":{"line":314,"column":5}}},"23":{"name":"(anonymous_23)","decl":{"start":{"line":316,"column":4},"end":{"line":316,"column":9}},"loc":{"start":{"line":319,"column":37},"end":{"line":326,"column":5}}},"24":{"name":"(anonymous_24)","decl":{"start":{"line":328,"column":4},"end":{"line":328,"column":9}},"loc":{"start":{"line":331,"column":37},"end":{"line":338,"column":5}}},"25":{"name":"(anonymous_25)","decl":{"start":{"line":340,"column":4},"end":{"line":340,"column":9}},"loc":{"start":{"line":343,"column":37},"end":{"line":350,"column":5}}},"26":{"name":"(anonymous_26)","decl":{"start":{"line":352,"column":4},"end":{"line":352,"column":9}},"loc":{"start":{"line":352,"column":64},"end":{"line":358,"column":5}}},"27":{"name":"(anonymous_27)","decl":{"start":{"line":360,"column":4},"end":{"line":360,"column":9}},"loc":{"start":{"line":360,"column":59},"end":{"line":366,"column":5}}},"28":{"name":"(anonymous_28)","decl":{"start":{"line":368,"column":4},"end":{"line":368,"column":9}},"loc":{"start":{"line":368,"column":94},"end":{"line":374,"column":5}}}},"branchMap":{"0":{"loc":{"start":{"line":35,"column":16},"end":{"line":35,"column":24}},"type":"default-arg","locations":[{"start":{"line":35,"column":23},"end":{"line":35,"column":24}}]},"1":{"loc":{"start":{"line":36,"column":16},"end":{"line":36,"column":25}},"type":"default-arg","locations":[{"start":{"line":36,"column":23},"end":{"line":36,"column":25}}]},"2":{"loc":{"start":{"line":37,"column":16},"end":{"line":37,"column":37}},"type":"default-arg","locations":[{"start":{"line":37,"column":25},"end":{"line":37,"column":37}}]},"3":{"loc":{"start":{"line":38,"column":16},"end":{"line":38,"column":33}},"type":"default-arg","locations":[{"start":{"line":38,"column":29},"end":{"line":38,"column":33}}]},"4":{"loc":{"start":{"line":42,"column":32},"end":{"line":42,"column":49}},"type":"binary-expr","locations":[{"start":{"line":42,"column":32},"end":{"line":42,"column":44}},{"start":{"line":42,"column":48},"end":{"line":42,"column":49}}]},"5":{"loc":{"start":{"line":43,"column":26},"end":{"line":43,"column":44}},"type":"binary-expr","locations":[{"start":{"line":43,"column":26},"end":{"line":43,"column":38}},{"start":{"line":43,"column":42},"end":{"line":43,"column":44}}]},"6":{"loc":{"start":{"line":48,"column":16},"end":{"line":50,"column":17}},"type":"if","locations":[{"start":{"line":48,"column":16},"end":{"line":50,"column":17}},{"start":{},"end":{}}]},"7":{"loc":{"start":{"line":48,"column":20},"end":{"line":48,"column":68}},"type":"binary-expr","locations":[{"start":{"line":48,"column":20},"end":{"line":48,"column":45}},{"start":{"line":48,"column":49},"end":{"line":48,"column":68}}]},"8":{"loc":{"start":{"line":54,"column":26},"end":{"line":54,"column":56}},"type":"cond-expr","locations":[{"start":{"line":54,"column":50},"end":{"line":54,"column":52}},{"start":{"line":54,"column":55},"end":{"line":54,"column":56}}]},"9":{"loc":{"start":{"line":85,"column":8},"end":{"line":85,"column":35}},"type":"default-arg","locations":[{"start":{"line":85,"column":33},"end":{"line":85,"column":35}}]},"10":{"loc":{"start":{"line":95,"column":8},"end":{"line":95,"column":66}},"type":"if","locations":[{"start":{"line":95,"column":8},"end":{"line":95,"column":66}},{"start":{},"end":{}}]},"11":{"loc":{"start":{"line":96,"column":8},"end":{"line":96,"column":63}},"type":"if","locations":[{"start":{"line":96,"column":8},"end":{"line":96,"column":63}},{"start":{},"end":{}}]},"12":{"loc":{"start":{"line":108,"column":12},"end":{"line":110,"column":13}},"type":"if","locations":[{"start":{"line":108,"column":12},"end":{"line":110,"column":13}},{"start":{},"end":{}}]},"13":{"loc":{"start":{"line":155,"column":12},"end":{"line":155,"column":57}},"type":"if","locations":[{"start":{"line":155,"column":12},"end":{"line":155,"column":57}},{"start":{},"end":{}}]},"14":{"loc":{"start":{"line":175,"column":77},"end":{"line":175,"column":92}},"type":"binary-expr","locations":[{"start":{"line":175,"column":77},"end":{"line":175,"column":84}},{"start":{"line":175,"column":88},"end":{"line":175,"column":92}}]},"15":{"loc":{"start":{"line":206,"column":16},"end":{"line":206,"column":43}},"type":"default-arg","locations":[{"start":{"line":206,"column":41},"end":{"line":206,"column":43}}]},"16":{"loc":{"start":{"line":216,"column":8},"end":{"line":216,"column":35}},"type":"default-arg","locations":[{"start":{"line":216,"column":33},"end":{"line":216,"column":35}}]},"17":{"loc":{"start":{"line":304,"column":8},"end":{"line":304,"column":21}},"type":"default-arg","locations":[{"start":{"line":304,"column":16},"end":{"line":304,"column":21}}]},"18":{"loc":{"start":{"line":308,"column":33},"end":{"line":308,"column":67}},"type":"cond-expr","locations":[{"start":{"line":308,"column":41},"end":{"line":308,"column":53}},{"start":{"line":308,"column":56},"end":{"line":308,"column":67}}]},"19":{"loc":{"start":{"line":322,"column":55},"end":{"line":322,"column":68}},"type":"binary-expr","locations":[{"start":{"line":322,"column":55},"end":{"line":322,"column":62}},{"start":{"line":322,"column":66},"end":{"line":322,"column":68}}]},"20":{"loc":{"start":{"line":346,"column":69},"end":{"line":346,"column":82}},"type":"binary-expr","locations":[{"start":{"line":346,"column":69},"end":{"line":346,"column":76}},{"start":{"line":346,"column":80},"end":{"line":346,"column":82}}]},"21":{"loc":{"start":{"line":362,"column":53},"end":{"line":362,"column":66}},"type":"binary-expr","locations":[{"start":{"line":362,"column":53},"end":{"line":362,"column":60}},{"start":{"line":362,"column":64},"end":{"line":362,"column":66}}]}},"s":{"0":5,"1":5,"2":0,"3":0,"4":0,"5":0,"6":0,"7":0,"8":0,"9":0,"10":0,"11":0,"12":0,"13":0,"14":0,"15":0,"16":0,"17":0,"18":0,"19":0,"20":0,"21":0,"22":0,"23":0,"24":0,"25":0,"26":0,"27":0,"28":0,"29":0,"30":0,"31":0,"32":0,"33":0,"34":0,"35":0,"36":0,"37":0,"38":0,"39":0,"40":0,"41":0,"42":0,"43":0,"44":0,"45":0,"46":0,"47":0,"48":0,"49":0,"50":0,"51":0,"52":0,"53":0,"54":0,"55":0,"56":0,"57":0,"58":0,"59":0,"60":0,"61":0,"62":0,"63":0,"64":0,"65":0,"66":0,"67":0,"68":0,"69":0,"70":0,"71":0,"72":0,"73":0,"74":0,"75":0,"76":0,"77":0,"78":0,"79":0,"80":0,"81":0,"82":0,"83":0,"84":0,"85":0,"86":0,"87":0,"88":0,"89":0,"90":0,"91":0,"92":0,"93":0,"94":0,"95":0,"96":0,"97":0,"98":0,"99":0,"100":0,"101":0,"102":0,"103":0,"104":0,"105":5},"f":{"0":0,"1":0,"2":0,"3":0,"4":0,"5":0,"6":0,"7":0,"8":0,"9":0,"10":0,"11":0,"12":0,"13":0,"14":0,"15":0,"16":0,"17":0,"18":0,"19":0,"20":0,"21":0,"22":0,"23":0,"24":0,"25":0,"26":0,"27":0,"28":0},"b":{"0":[0],"1":[0],"2":[0],"3":[0],"4":[0,0],"5":[0,0],"6":[0,0],"7":[0,0],"8":[0,0],"9":[0],"10":[0,0],"11":[0,0],"12":[0,0],"13":[0,0],"14":[0,0],"15":[0],"16":[0],"17":[0],"18":[0,0],"19":[0,0],"20":[0,0],"21":[0,0]}}
,"/Users/ginanjardp/Documents/AIZEN/SOURCE CODE/template-api-ts-clean-architecture/src/infrastructure/database/mongodb/base.transaction.ts": {"path":"/Users/ginanjardp/Documents/AIZEN/SOURCE CODE/template-api-ts-clean-architecture/src/infrastructure/database/mongodb/base.transaction.ts","statementMap":{"0":{"start":{"line":3,"column":0},"end":{"line":3,"column":7}},"1":{"start":{"line":1,"column":0},"end":{"line":1,"column":51}},"2":{"start":{"line":6,"column":20},"end":{"line":6,"column":49}},"3":{"start":{"line":7,"column":4},"end":{"line":7,"column":31}},"4":{"start":{"line":9,"column":4},"end":{"line":18,"column":5}},"5":{"start":{"line":10,"column":23},"end":{"line":10,"column":47}},"6":{"start":{"line":11,"column":8},"end":{"line":11,"column":42}},"7":{"start":{"line":12,"column":8},"end":{"line":12,"column":22}},"8":{"start":{"line":14,"column":8},"end":{"line":14,"column":41}},"9":{"start":{"line":15,"column":8},"end":{"line":15,"column":20}},"10":{"start":{"line":17,"column":8},"end":{"line":17,"column":29}}},"fnMap":{"0":{"name":"runInTransaction","decl":{"start":{"line":3,"column":22},"end":{"line":3,"column":38}},"loc":{"start":{"line":4,"column":53},"end":{"line":19,"column":1}}}},"branchMap":{},"s":{"0":5,"1":5,"2":0,"3":0,"4":0,"5":0,"6":0,"7":0,"8":0,"9":0,"10":0},"f":{"0":0},"b":{}}
,"/Users/ginanjardp/Documents/AIZEN/SOURCE CODE/template-api-ts-clean-architecture/src/infrastructure/database/mongodb/connection.database.ts": {"path":"/Users/ginanjardp/Documents/AIZEN/SOURCE CODE/template-api-ts-clean-architecture/src/infrastructure/database/mongodb/connection.database.ts","statementMap":{"0":{"start":{"line":4,"column":0},"end":{"line":4,"column":7}},"1":{"start":{"line":1,"column":0},"end":{"line":1,"column":52}},"2":{"start":{"line":2,"column":0},"end":{"line":2,"column":52}},"3":{"start":{"line":5,"column":21},"end":{"line":5,"column":50}},"4":{"start":{"line":6,"column":36},"end":{"line":10,"column":6}},"5":{"start":{"line":12,"column":4},"end":{"line":26,"column":5}},"6":{"start":{"line":13,"column":8},"end":{"line":13,"column":50}},"7":{"start":{"line":14,"column":8},"end":{"line":14,"column":87}},"8":{"start":{"line":16,"column":8},"end":{"line":20,"column":11}},"9":{"start":{"line":17,"column":12},"end":{"line":17,"column":40}},"10":{"start":{"line":18,"column":12},"end":{"line":18,"column":77}},"11":{"start":{"line":19,"column":12},"end":{"line":19,"column":27}},"12":{"start":{"line":23,"column":8},"end":{"line":23,"column":60}},"13":{"start":{"line":24,"column":8},"end":{"line":24,"column":36}},"14":{"start":{"line":25,"column":8},"end":{"line":25,"column":24}}},"fnMap":{"0":{"name":"connectDatabase","decl":{"start":{"line":4,"column":22},"end":{"line":4,"column":37}},"loc":{"start":{"line":4,"column":37},"end":{"line":27,"column":1}}},"1":{"name":"(anonymous_2)","decl":{"start":{"line":16,"column":29},"end":{"line":16,"column":32}},"loc":{"start":{"line":16,"column":34},"end":{"line":20,"column":9}}}},"branchMap":{"0":{"loc":{"start":{"line":5,"column":21},"end":{"line":5,"column":50}},"type":"binary-expr","locations":[{"start":{"line":5,"column":21},"end":{"line":5,"column":44}},{"start":{"line":5,"column":48},"end":{"line":5,"column":50}}]}},"s":{"0":5,"1":5,"2":5,"3":0,"4":0,"5":0,"6":0,"7":0,"8":0,"9":0,"10":0,"11":0,"12":0,"13":0,"14":0},"f":{"0":0,"1":0},"b":{"0":[0,0]}}
,"/Users/ginanjardp/Documents/AIZEN/SOURCE CODE/template-api-ts-clean-architecture/src/infrastructure/database/mongodb/model.factory.ts": {"path":"/Users/ginanjardp/Documents/AIZEN/SOURCE CODE/template-api-ts-clean-architecture/src/infrastructure/database/mongodb/model.factory.ts","statementMap":{"0":{"start":{"line":12,"column":0},"end":{"line":12,"column":16}},"1":{"start":{"line":1,"column":0},"end":{"line":1,"column":null}},"2":{"start":{"line":21,"column":19},"end":{"line":27,"column":6}},"3":{"start":{"line":30,"column":4},"end":{"line":32,"column":7}},"4":{"start":{"line":34,"column":4},"end":{"line":38,"column":5}},"5":{"start":{"line":35,"column":8},"end":{"line":37,"column":11}},"6":{"start":{"line":36,"column":12},"end":{"line":36,"column":42}},"7":{"start":{"line":40,"column":4},"end":{"line":40,"column":43}}},"fnMap":{"0":{"name":"CreateModel","decl":{"start":{"line":12,"column":16},"end":{"line":12,"column":27}},"loc":{"start":{"line":19,"column":7},"end":{"line":41,"column":1}}},"1":{"name":"(anonymous_10)","decl":{"start":{"line":35,"column":24},"end":{"line":35,"column":25}},"loc":{"start":{"line":35,"column":48},"end":{"line":37,"column":9}}}},"branchMap":{"0":{"loc":{"start":{"line":34,"column":4},"end":{"line":38,"column":5}},"type":"if","locations":[{"start":{"line":34,"column":4},"end":{"line":38,"column":5}},{"start":{},"end":{}}]}},"s":{"0":5,"1":5,"2":0,"3":0,"4":0,"5":0,"6":0,"7":0},"f":{"0":0,"1":0},"b":{"0":[0,0]}}
,"/Users/ginanjardp/Documents/AIZEN/SOURCE CODE/template-api-ts-clean-architecture/src/infrastructure/logger/index.ts": {"path":"/Users/ginanjardp/Documents/AIZEN/SOURCE CODE/template-api-ts-clean-architecture/src/infrastructure/logger/index.ts","statementMap":{"0":{"start":{"line":1,"column":0},"end":{"line":1,"column":74}},"1":{"start":{"line":3,"column":13},"end":{"line":3,"column":42}}},"fnMap":{},"branchMap":{},"s":{"0":5,"1":5},"f":{},"b":{}}
,"/Users/ginanjardp/Documents/AIZEN/SOURCE CODE/template-api-ts-clean-architecture/src/infrastructure/logger/winston/format.ts": {"path":"/Users/ginanjardp/Documents/AIZEN/SOURCE CODE/template-api-ts-clean-architecture/src/infrastructure/logger/winston/format.ts","statementMap":{"0":{"start":{"line":1,"column":0},"end":{"line":1,"column":33}},"1":{"start":{"line":2,"column":0},"end":{"line":2,"column":23}},"2":{"start":{"line":4,"column":21},"end":{"line":18,"column":2}},"3":{"start":{"line":5,"column":42},"end":{"line":5,"column":46}},"4":{"start":{"line":6,"column":4},"end":{"line":16,"column":6}},"5":{"start":{"line":17,"column":4},"end":{"line":17,"column":16}},"6":{"start":{"line":20,"column":9},"end":{"line":20,"column":21}}},"fnMap":{"0":{"name":"(anonymous_1)","decl":{"start":{"line":4,"column":28},"end":{"line":4,"column":29}},"loc":{"start":{"line":4,"column":37},"end":{"line":18,"column":1}}}},"branchMap":{"0":{"loc":{"start":{"line":8,"column":17},"end":{"line":10,"column":49}},"type":"cond-expr","locations":[{"start":{"line":9,"column":14},"end":{"line":9,"column":76}},{"start":{"line":10,"column":14},"end":{"line":10,"column":49}}]},"1":{"loc":{"start":{"line":12,"column":18},"end":{"line":12,"column":28}},"type":"binary-expr","locations":[{"start":{"line":12,"column":18},"end":{"line":12,"column":22}},{"start":{"line":12,"column":26},"end":{"line":12,"column":28}}]},"2":{"loc":{"start":{"line":13,"column":24},"end":{"line":13,"column":39}},"type":"binary-expr","locations":[{"start":{"line":13,"column":24},"end":{"line":13,"column":33}},{"start":{"line":13,"column":37},"end":{"line":13,"column":39}}]}},"s":{"0":5,"1":5,"2":5,"3":0,"4":0,"5":0,"6":5},"f":{"0":0},"b":{"0":[0,0],"1":[0,0],"2":[0,0]}}
,"/Users/ginanjardp/Documents/AIZEN/SOURCE CODE/template-api-ts-clean-architecture/src/infrastructure/logger/winston/logger.ts": {"path":"/Users/ginanjardp/Documents/AIZEN/SOURCE CODE/template-api-ts-clean-architecture/src/infrastructure/logger/winston/logger.ts","statementMap":{"0":{"start":{"line":2,"column":0},"end":{"line":2,"column":30}},"1":{"start":{"line":3,"column":0},"end":{"line":3,"column":35}},"2":{"start":{"line":4,"column":0},"end":{"line":4,"column":69}},"3":{"start":{"line":8,"column":17},"end":{"line":8,"column":22}},"4":{"start":{"line":11,"column":21},"end":{"line":15,"column":null}},"5":{"start":{"line":12,"column":21},"end":{"line":12,"column":40}},"6":{"start":{"line":13,"column":8},"end":{"line":13,"column":80}},"7":{"start":{"line":13,"column":42},"end":{"line":13,"column":80}},"8":{"start":{"line":14,"column":8},"end":{"line":14,"column":20}},"9":{"start":{"line":17,"column":21},"end":{"line":22,"column":null}},"10":{"start":{"line":18,"column":8},"end":{"line":21,"column":null}},"11":{"start":{"line":24,"column":4},"end":{"line":26,"column":6}},"12":{"start":{"line":25,"column":8},"end":{"line":25,"column":71}},"13":{"start":{"line":28,"column":4},"end":{"line":30,"column":6}},"14":{"start":{"line":29,"column":8},"end":{"line":29,"column":72}},"15":{"start":{"line":32,"column":4},"end":{"line":34,"column":6}},"16":{"start":{"line":33,"column":8},"end":{"line":33,"column":74}},"17":{"start":{"line":36,"column":4},"end":{"line":38,"column":6}},"18":{"start":{"line":37,"column":8},"end":{"line":37,"column":26}},"19":{"start":{"line":40,"column":4},"end":{"line":42,"column":6}},"20":{"start":{"line":41,"column":8},"end":{"line":41,"column":72}},"21":{"start":{"line":44,"column":4},"end":{"line":48,"column":6}},"22":{"start":{"line":45,"column":28},"end":{"line":45,"column":52}},"23":{"start":{"line":46,"column":31},"end":{"line":46,"column":63}},"24":{"start":{"line":47,"column":8},"end":{"line":47,"column":81}},"25":{"start":{"line":50,"column":4},"end":{"line":54,"column":6}},"26":{"start":{"line":51,"column":28},"end":{"line":51,"column":52}},"27":{"start":{"line":52,"column":31},"end":{"line":52,"column":63}},"28":{"start":{"line":53,"column":8},"end":{"line":53,"column":82}},"29":{"start":{"line":56,"column":4},"end":{"line":60,"column":6}},"30":{"start":{"line":57,"column":28},"end":{"line":57,"column":52}},"31":{"start":{"line":58,"column":31},"end":{"line":58,"column":63}},"32":{"start":{"line":59,"column":8},"end":{"line":59,"column":81}},"33":{"start":{"line":62,"column":4},"end":{"line":66,"column":6}},"34":{"start":{"line":63,"column":28},"end":{"line":63,"column":52}},"35":{"start":{"line":64,"column":31},"end":{"line":64,"column":63}},"36":{"start":{"line":65,"column":8},"end":{"line":65,"column":84}},"37":{"start":{"line":68,"column":4},"end":{"line":72,"column":6}},"38":{"start":{"line":69,"column":28},"end":{"line":69,"column":52}},"39":{"start":{"line":70,"column":31},"end":{"line":70,"column":63}},"40":{"start":{"line":71,"column":8},"end":{"line":71,"column":82}},"41":{"start":{"line":74,"column":4},"end":{"line":78,"column":6}},"42":{"start":{"line":75,"column":28},"end":{"line":75,"column":52}},"43":{"start":{"line":76,"column":31},"end":{"line":76,"column":63}},"44":{"start":{"line":77,"column":8},"end":{"line":77,"column":82}},"45":{"start":{"line":80,"column":4},"end":{"line":87,"column":6}},"46":{"start":{"line":81,"column":28},"end":{"line":81,"column":52}},"47":{"start":{"line":82,"column":31},"end":{"line":82,"column":63}},"48":{"start":{"line":83,"column":8},"end":{"line":86,"column":11}},"49":{"start":{"line":89,"column":4},"end":{"line":96,"column":6}},"50":{"start":{"line":90,"column":28},"end":{"line":90,"column":52}},"51":{"start":{"line":91,"column":31},"end":{"line":91,"column":63}},"52":{"start":{"line":92,"column":8},"end":{"line":95,"column":11}},"53":{"start":{"line":98,"column":4},"end":{"line":105,"column":6}},"54":{"start":{"line":99,"column":28},"end":{"line":99,"column":52}},"55":{"start":{"line":100,"column":31},"end":{"line":103,"column":10}},"56":{"start":{"line":104,"column":8},"end":{"line":104,"column":82}},"57":{"start":{"line":107,"column":4},"end":{"line":109,"column":6}},"58":{"start":{"line":108,"column":8},"end":{"line":108,"column":69}},"59":{"start":{"line":111,"column":4},"end":{"line":113,"column":6}},"60":{"start":{"line":112,"column":8},"end":{"line":112,"column":43}},"61":{"start":{"line":119,"column":4},"end":{"line":124,"column":6}},"62":{"start":{"line":120,"column":8},"end":{"line":123,"column":11}},"63":{"start":{"line":126,"column":4},"end":{"line":138,"column":6}},"64":{"start":{"line":130,"column":8},"end":{"line":137,"column":11}},"65":{"start":{"line":140,"column":4},"end":{"line":145,"column":6}},"66":{"start":{"line":141,"column":8},"end":{"line":144,"column":11}},"67":{"start":{"line":147,"column":4},"end":{"line":164,"column":6}},"68":{"start":{"line":152,"column":8},"end":{"line":163,"column":11}},"69":{"start":{"line":166,"column":4},"end":{"line":183,"column":6}},"70":{"start":{"line":171,"column":8},"end":{"line":182,"column":11}},"71":{"start":{"line":185,"column":4},"end":{"line":198,"column":6}},"72":{"start":{"line":190,"column":8},"end":{"line":197,"column":11}},"73":{"start":{"line":200,"column":4},"end":{"line":213,"column":6}},"74":{"start":{"line":205,"column":8},"end":{"line":212,"column":11}},"75":{"start":{"line":215,"column":4},"end":{"line":220,"column":6}},"76":{"start":{"line":216,"column":8},"end":{"line":219,"column":11}},"77":{"start":{"line":116,"column":8},"end":{"line":116,"column":41}},"78":{"start":{"line":10,"column":0},"end":{"line":10,"column":13}}},"fnMap":{"0":{"name":"(anonymous_1)","decl":{"start":{"line":10,"column":0},"end":{"line":10,"column":13}},"loc":{"start":{"line":10,"column":0},"end":{"line":221,"column":1}}},"1":{"name":"(anonymous_2)","decl":{"start":{"line":11,"column":43},"end":{"line":11,"column":44}},"loc":{"start":{"line":11,"column":98},"end":{"line":15,"column":5}}},"2":{"name":"(anonymous_3)","decl":{"start":{"line":17,"column":38},"end":{"line":17,"column":39}},"loc":{"start":{"line":17,"column":63},"end":{"line":22,"column":5}}},"3":{"name":"(anonymous_4)","decl":{"start":{"line":24,"column":11},"end":{"line":24,"column":30}},"loc":{"start":{"line":24,"column":64},"end":{"line":26,"column":5}}},"4":{"name":"(anonymous_5)","decl":{"start":{"line":28,"column":12},"end":{"line":28,"column":26}},"loc":{"start":{"line":28,"column":60},"end":{"line":30,"column":5}}},"5":{"name":"(anonymous_6)","decl":{"start":{"line":32,"column":14},"end":{"line":32,"column":33}},"loc":{"start":{"line":32,"column":67},"end":{"line":34,"column":5}}},"6":{"name":"(anonymous_7)","decl":{"start":{"line":36,"column":12},"end":{"line":36,"column":31}},"loc":{"start":{"line":36,"column":48},"end":{"line":38,"column":5}}},"7":{"name":"(anonymous_8)","decl":{"start":{"line":40,"column":12},"end":{"line":40,"column":31}},"loc":{"start":{"line":40,"column":65},"end":{"line":42,"column":5}}},"8":{"name":"(anonymous_9)","decl":{"start":{"line":44,"column":22},"end":{"line":44,"column":41}},"loc":{"start":{"line":44,"column":97},"end":{"line":48,"column":5}}},"9":{"name":"(anonymous_10)","decl":{"start":{"line":50,"column":23},"end":{"line":50,"column":42}},"loc":{"start":{"line":50,"column":98},"end":{"line":54,"column":5}}},"10":{"name":"(anonymous_11)","decl":{"start":{"line":56,"column":22},"end":{"line":56,"column":41}},"loc":{"start":{"line":56,"column":97},"end":{"line":60,"column":5}}},"11":{"name":"(anonymous_12)","decl":{"start":{"line":62,"column":25},"end":{"line":62,"column":45}},"loc":{"start":{"line":62,"column":101},"end":{"line":66,"column":5}}},"12":{"name":"(anonymous_13)","decl":{"start":{"line":68,"column":23},"end":{"line":68,"column":42}},"loc":{"start":{"line":68,"column":98},"end":{"line":72,"column":5}}},"13":{"name":"(anonymous_14)","decl":{"start":{"line":74,"column":23},"end":{"line":74,"column":42}},"loc":{"start":{"line":74,"column":98},"end":{"line":78,"column":5}}},"14":{"name":"(anonymous_15)","decl":{"start":{"line":80,"column":19},"end":{"line":80,"column":38}},"loc":{"start":{"line":80,"column":91},"end":{"line":87,"column":5}}},"15":{"name":"(anonymous_16)","decl":{"start":{"line":89,"column":17},"end":{"line":89,"column":36}},"loc":{"start":{"line":89,"column":89},"end":{"line":96,"column":5}}},"16":{"name":"(anonymous_17)","decl":{"start":{"line":98,"column":20},"end":{"line":98,"column":21}},"loc":{"start":{"line":98,"column":85},"end":{"line":105,"column":5}}},"17":{"name":"(anonymous_18)","decl":{"start":{"line":107,"column":19},"end":{"line":107,"column":20}},"loc":{"start":{"line":107,"column":55},"end":{"line":109,"column":5}}},"18":{"name":"(anonymous_19)","decl":{"start":{"line":111,"column":23},"end":{"line":111,"column":24}},"loc":{"start":{"line":111,"column":59},"end":{"line":113,"column":5}}},"19":{"name":"(anonymous_20)","decl":{"start":{"line":119,"column":16},"end":{"line":119,"column":35}},"loc":{"start":{"line":119,"column":74},"end":{"line":124,"column":5}}},"20":{"name":"(anonymous_21)","decl":{"start":{"line":126,"column":21},"end":{"line":126,"column":null}},"loc":{"start":{"line":129,"column":14},"end":{"line":138,"column":5}}},"21":{"name":"(anonymous_22)","decl":{"start":{"line":140,"column":18},"end":{"line":140,"column":37}},"loc":{"start":{"line":140,"column":76},"end":{"line":145,"column":5}}},"22":{"name":"(anonymous_23)","decl":{"start":{"line":147,"column":20},"end":{"line":147,"column":null}},"loc":{"start":{"line":151,"column":14},"end":{"line":164,"column":5}}},"23":{"name":"(anonymous_24)","decl":{"start":{"line":166,"column":32},"end":{"line":166,"column":null}},"loc":{"start":{"line":170,"column":14},"end":{"line":183,"column":5}}},"24":{"name":"(anonymous_25)","decl":{"start":{"line":185,"column":25},"end":{"line":185,"column":null}},"loc":{"start":{"line":189,"column":14},"end":{"line":198,"column":5}}},"25":{"name":"(anonymous_26)","decl":{"start":{"line":200,"column":25},"end":{"line":200,"column":null}},"loc":{"start":{"line":204,"column":14},"end":{"line":213,"column":5}}},"26":{"name":"(anonymous_27)","decl":{"start":{"line":215,"column":11},"end":{"line":215,"column":39}},"loc":{"start":{"line":215,"column":90},"end":{"line":220,"column":5}}},"27":{"name":"(anonymous_28)","decl":{"start":{"line":115,"column":4},"end":{"line":115,"column":14}},"loc":{"start":{"line":115,"column":25},"end":{"line":117,"column":5}}}},"branchMap":{"0":{"loc":{"start":{"line":13,"column":8},"end":{"line":13,"column":80}},"type":"if","locations":[{"start":{"line":13,"column":8},"end":{"line":13,"column":80}},{"start":{},"end":{}}]},"1":{"loc":{"start":{"line":131,"column":23},"end":{"line":131,"column":58}},"type":"binary-expr","locations":[{"start":{"line":131,"column":23},"end":{"line":131,"column":45}},{"start":{"line":131,"column":49},"end":{"line":131,"column":58}}]},"2":{"loc":{"start":{"line":133,"column":27},"end":{"line":135,"column":22}},"type":"cond-expr","locations":[{"start":{"line":134,"column":18},"end":{"line":134,"column":47}},{"start":{"line":135,"column":18},"end":{"line":135,"column":22}}]},"3":{"loc":{"start":{"line":136,"column":19},"end":{"line":136,"column":52}},"type":"binary-expr","locations":[{"start":{"line":136,"column":19},"end":{"line":136,"column":44}},{"start":{"line":136,"column":48},"end":{"line":136,"column":52}}]},"4":{"loc":{"start":{"line":150,"column":8},"end":{"line":150,"column":35}},"type":"default-arg","locations":[{"start":{"line":150,"column":18},"end":{"line":150,"column":35}}]},"5":{"loc":{"start":{"line":169,"column":8},"end":{"line":169,"column":35}},"type":"default-arg","locations":[{"start":{"line":169,"column":18},"end":{"line":169,"column":35}}]},"6":{"loc":{"start":{"line":188,"column":8},"end":{"line":188,"column":35}},"type":"default-arg","locations":[{"start":{"line":188,"column":18},"end":{"line":188,"column":35}}]},"7":{"loc":{"start":{"line":194,"column":22},"end":{"line":194,"column":40}},"type":"binary-expr","locations":[{"start":{"line":194,"column":22},"end":{"line":194,"column":33}},{"start":{"line":194,"column":37},"end":{"line":194,"column":40}}]},"8":{"loc":{"start":{"line":203,"column":8},"end":{"line":203,"column":35}},"type":"default-arg","locations":[{"start":{"line":203,"column":18},"end":{"line":203,"column":35}}]},"9":{"loc":{"start":{"line":215,"column":68},"end":{"line":215,"column":80}},"type":"default-arg","locations":[{"start":{"line":215,"column":78},"end":{"line":215,"column":80}}]}},"s":{"0":5,"1":5,"2":5,"3":5,"4":5,"5":0,"6":0,"7":0,"8":0,"9":5,"10":0,"11":5,"12":0,"13":5,"14":0,"15":5,"16":0,"17":5,"18":0,"19":5,"20":0,"21":5,"22":0,"23":0,"24":0,"25":5,"26":0,"27":0,"28":0,"29":5,"30":0,"31":0,"32":0,"33":5,"34":0,"35":0,"36":0,"37":5,"38":0,"39":0,"40":0,"41":5,"42":0,"43":0,"44":0,"45":5,"46":0,"47":0,"48":0,"49":5,"50":0,"51":0,"52":0,"53":5,"54":0,"55":0,"56":0,"57":5,"58":0,"59":5,"60":0,"61":5,"62":0,"63":5,"64":0,"65":5,"66":0,"67":5,"68":0,"69":5,"70":0,"71":5,"72":0,"73":5,"74":0,"75":5,"76":0,"77":0,"78":5},"f":{"0":5,"1":0,"2":0,"3":0,"4":0,"5":0,"6":0,"7":0,"8":0,"9":0,"10":0,"11":0,"12":0,"13":0,"14":0,"15":0,"16":0,"17":0,"18":0,"19":0,"20":0,"21":0,"22":0,"23":0,"24":0,"25":0,"26":0,"27":0},"b":{"0":[0,0],"1":[0,0],"2":[0,0],"3":[0,0],"4":[0],"5":[0],"6":[0],"7":[0,0],"8":[0],"9":[0]}}
,"/Users/ginanjardp/Documents/AIZEN/SOURCE CODE/template-api-ts-clean-architecture/src/infrastructure/logger/winston/transaporter.ts": {"path":"/Users/ginanjardp/Documents/AIZEN/SOURCE CODE/template-api-ts-clean-architecture/src/infrastructure/logger/winston/transaporter.ts","statementMap":{"0":{"start":{"line":1,"column":0},"end":{"line":1,"column":59}},"1":{"start":{"line":2,"column":0},"end":{"line":2,"column":51}},"2":{"start":{"line":3,"column":0},"end":{"line":3,"column":66}},"3":{"start":{"line":4,"column":0},"end":{"line":4,"column":73}},"4":{"start":{"line":6,"column":15},"end":{"line":25,"column":2}},"5":{"start":{"line":14,"column":30},"end":{"line":16,"column":100}},"6":{"start":{"line":27,"column":0},"end":{"line":46,"column":1}},"7":{"start":{"line":30,"column":4},"end":{"line":45,"column":6}},"8":{"start":{"line":48,"column":0},"end":{"line":48,"column":22}}},"fnMap":{"0":{"name":"(anonymous_1)","decl":{"start":{"line":14,"column":20},"end":{"line":14,"column":21}},"loc":{"start":{"line":14,"column":30},"end":{"line":16,"column":100}}}},"branchMap":{"0":{"loc":{"start":{"line":27,"column":0},"end":{"line":46,"column":1}},"type":"if","locations":[{"start":{"line":27,"column":0},"end":{"line":46,"column":1}},{"start":{},"end":{}}]}},"s":{"0":5,"1":5,"2":5,"3":5,"4":5,"5":0,"6":5,"7":0,"8":5},"f":{"0":0},"b":{"0":[0,5]}}
,"/Users/ginanjardp/Documents/AIZEN/SOURCE CODE/template-api-ts-clean-architecture/src/modules/user/repositories/user.repository.ts": {"path":"/Users/ginanjardp/Documents/AIZEN/SOURCE CODE/template-api-ts-clean-architecture/src/modules/user/repositories/user.repository.ts","statementMap":{"0":{"start":{"line":1,"column":0},"end":{"line":1,"column":81}},"1":{"start":{"line":3,"column":0},"end":{"line":3,"column":38}},"2":{"start":{"line":6,"column":7},"end":{"line":14,"column":null}},"3":{"start":{"line":8,"column":8},"end":{"line":8,"column":21}},"4":{"start":{"line":12,"column":8},"end":{"line":12,"column":55}},"5":{"start":{"line":6,"column":13},"end":{"line":6,"column":27}},"6":{"start":{"line":6,"column":13},"end":{"line":14,"column":null}}},"fnMap":{"0":{"name":"(anonymous_2)","decl":{"start":{"line":7,"column":4},"end":{"line":7,"column":16}},"loc":{"start":{"line":7,"column":47},"end":{"line":9,"column":5}}},"1":{"name":"(anonymous_3)","decl":{"start":{"line":11,"column":4},"end":{"line":11,"column":9}},"loc":{"start":{"line":11,"column":41},"end":{"line":13,"column":5}}}},"branchMap":{},"s":{"0":5,"1":5,"2":5,"3":0,"4":0,"5":5,"6":5},"f":{"0":0,"1":0},"b":{}}
,"/Users/ginanjardp/Documents/AIZEN/SOURCE CODE/template-api-ts-clean-architecture/src/modules/user/transformers/user.transform.ts": {"path":"/Users/ginanjardp/Documents/AIZEN/SOURCE CODE/template-api-ts-clean-architecture/src/modules/user/transformers/user.transform.ts","statementMap":{"0":{"start":{"line":4,"column":8},"end":{"line":4,"column":31}},"1":{"start":{"line":4,"column":19},"end":{"line":4,"column":31}},"2":{"start":{"line":5,"column":8},"end":{"line":11,"column":10}},"3":{"start":{"line":15,"column":8},"end":{"line":15,"column":57}},"4":{"start":{"line":15,"column":35},"end":{"line":15,"column":55}},"5":{"start":{"line":19,"column":8},"end":{"line":22,"column":10}},"6":{"start":{"line":2,"column":0},"end":{"line":2,"column":13}}},"fnMap":{"0":{"name":"(anonymous_0)","decl":{"start":{"line":3,"column":4},"end":{"line":3,"column":10}},"loc":{"start":{"line":3,"column":38},"end":{"line":12,"column":5}}},"1":{"name":"(anonymous_1)","decl":{"start":{"line":14,"column":4},"end":{"line":14,"column":10}},"loc":{"start":{"line":14,"column":38},"end":{"line":16,"column":5}}},"2":{"name":"(anonymous_2)","decl":{"start":{"line":15,"column":25},"end":{"line":15,"column":26}},"loc":{"start":{"line":15,"column":35},"end":{"line":15,"column":55}}},"3":{"name":"(anonymous_3)","decl":{"start":{"line":18,"column":4},"end":{"line":18,"column":10}},"loc":{"start":{"line":18,"column":73},"end":{"line":23,"column":5}}}},"branchMap":{"0":{"loc":{"start":{"line":4,"column":8},"end":{"line":4,"column":31}},"type":"if","locations":[{"start":{"line":4,"column":8},"end":{"line":4,"column":31}},{"start":{},"end":{}}]}},"s":{"0":4,"1":1,"2":3,"3":4,"4":2,"5":2,"6":1},"f":{"0":4,"1":4,"2":2,"3":2},"b":{"0":[1,3]}}
,"/Users/ginanjardp/Documents/AIZEN/SOURCE CODE/template-api-ts-clean-architecture/src/modules/user/usecases/create.usecase.ts": {"path":"/Users/ginanjardp/Documents/AIZEN/SOURCE CODE/template-api-ts-clean-architecture/src/modules/user/usecases/create.usecase.ts","statementMap":{"0":{"start":{"line":1,"column":0},"end":{"line":1,"column":46}},"1":{"start":{"line":3,"column":0},"end":{"line":3,"column":80}},"2":{"start":{"line":5,"column":0},"end":{"line":5,"column":89}},"3":{"start":{"line":8,"column":7},"end":{"line":23,"column":null}},"4":{"start":{"line":10,"column":51},"end":{"line":10,"column":61}},"5":{"start":{"line":13,"column":23},"end":{"line":19,"column":10}},"6":{"start":{"line":14,"column":12},"end":{"line":18,"column":24}},"7":{"start":{"line":21,"column":8},"end":{"line":21,"column":22}},"8":{"start":{"line":8,"column":13},"end":{"line":8,"column":30}},"9":{"start":{"line":8,"column":13},"end":{"line":23,"column":null}}},"fnMap":{"0":{"name":"(anonymous_4)","decl":{"start":{"line":9,"column":4},"end":{"line":9,"column":null}},"loc":{"start":{"line":10,"column":75},"end":{"line":11,"column":8}}},"1":{"name":"(anonymous_5)","decl":{"start":{"line":12,"column":4},"end":{"line":12,"column":9}},"loc":{"start":{"line":12,"column":36},"end":{"line":22,"column":5}}},"2":{"name":"(anonymous_6)","decl":{"start":{"line":13,"column":46},"end":{"line":13,"column":51}},"loc":{"start":{"line":13,"column":64},"end":{"line":19,"column":9}}}},"branchMap":{},"s":{"0":5,"1":5,"2":5,"3":5,"4":1,"5":1,"6":1,"7":1,"8":5,"9":5},"f":{"0":1,"1":1,"2":1},"b":{}}
,"/Users/ginanjardp/Documents/AIZEN/SOURCE CODE/template-api-ts-clean-architecture/src/modules/user/usecases/delete.usecase.ts": {"path":"/Users/ginanjardp/Documents/AIZEN/SOURCE CODE/template-api-ts-clean-architecture/src/modules/user/usecases/delete.usecase.ts","statementMap":{"0":{"start":{"line":1,"column":0},"end":{"line":1,"column":46}},"1":{"start":{"line":3,"column":0},"end":{"line":3,"column":80}},"2":{"start":{"line":5,"column":0},"end":{"line":5,"column":51}},"3":{"start":{"line":6,"column":0},"end":{"line":6,"column":89}},"4":{"start":{"line":9,"column":7},"end":{"line":24,"column":null}},"5":{"start":{"line":11,"column":51},"end":{"line":11,"column":61}},"6":{"start":{"line":15,"column":21},"end":{"line":15,"column":57}},"7":{"start":{"line":16,"column":8},"end":{"line":16,"column":81}},"8":{"start":{"line":16,"column":19},"end":{"line":16,"column":81}},"9":{"start":{"line":18,"column":8},"end":{"line":20,"column":11}},"10":{"start":{"line":19,"column":12},"end":{"line":19,"column":71}},"11":{"start":{"line":22,"column":8},"end":{"line":22,"column":20}},"12":{"start":{"line":9,"column":13},"end":{"line":9,"column":30}},"13":{"start":{"line":9,"column":13},"end":{"line":24,"column":null}}},"fnMap":{"0":{"name":"(anonymous_4)","decl":{"start":{"line":10,"column":4},"end":{"line":10,"column":null}},"loc":{"start":{"line":11,"column":75},"end":{"line":12,"column":8}}},"1":{"name":"(anonymous_5)","decl":{"start":{"line":14,"column":4},"end":{"line":14,"column":9}},"loc":{"start":{"line":14,"column":36},"end":{"line":23,"column":5}}},"2":{"name":"(anonymous_6)","decl":{"start":{"line":18,"column":31},"end":{"line":18,"column":36}},"loc":{"start":{"line":18,"column":49},"end":{"line":20,"column":9}}}},"branchMap":{"0":{"loc":{"start":{"line":16,"column":8},"end":{"line":16,"column":81}},"type":"if","locations":[{"start":{"line":16,"column":8},"end":{"line":16,"column":81}},{"start":{},"end":{}}]}},"s":{"0":5,"1":5,"2":5,"3":5,"4":5,"5":2,"6":2,"7":2,"8":1,"9":1,"10":1,"11":1,"12":5,"13":5},"f":{"0":2,"1":2,"2":1},"b":{"0":[1,1]}}
,"/Users/ginanjardp/Documents/AIZEN/SOURCE CODE/template-api-ts-clean-architecture/src/modules/user/usecases/detail.usecase.ts": {"path":"/Users/ginanjardp/Documents/AIZEN/SOURCE CODE/template-api-ts-clean-architecture/src/modules/user/usecases/detail.usecase.ts","statementMap":{"0":{"start":{"line":1,"column":0},"end":{"line":1,"column":46}},"1":{"start":{"line":3,"column":0},"end":{"line":3,"column":80}},"2":{"start":{"line":5,"column":0},"end":{"line":5,"column":51}},"3":{"start":{"line":8,"column":7},"end":{"line":18,"column":null}},"4":{"start":{"line":10,"column":51},"end":{"line":10,"column":61}},"5":{"start":{"line":14,"column":21},"end":{"line":14,"column":57}},"6":{"start":{"line":15,"column":8},"end":{"line":15,"column":81}},"7":{"start":{"line":15,"column":19},"end":{"line":15,"column":81}},"8":{"start":{"line":16,"column":8},"end":{"line":16,"column":20}},"9":{"start":{"line":8,"column":13},"end":{"line":8,"column":30}},"10":{"start":{"line":8,"column":13},"end":{"line":18,"column":null}}},"fnMap":{"0":{"name":"(anonymous_4)","decl":{"start":{"line":9,"column":4},"end":{"line":9,"column":null}},"loc":{"start":{"line":10,"column":75},"end":{"line":11,"column":8}}},"1":{"name":"(anonymous_5)","decl":{"start":{"line":13,"column":4},"end":{"line":13,"column":9}},"loc":{"start":{"line":13,"column":36},"end":{"line":17,"column":5}}}},"branchMap":{"0":{"loc":{"start":{"line":15,"column":8},"end":{"line":15,"column":81}},"type":"if","locations":[{"start":{"line":15,"column":8},"end":{"line":15,"column":81}},{"start":{},"end":{}}]}},"s":{"0":5,"1":5,"2":5,"3":5,"4":2,"5":2,"6":2,"7":1,"8":1,"9":5,"10":5},"f":{"0":2,"1":2},"b":{"0":[1,1]}}
,"/Users/ginanjardp/Documents/AIZEN/SOURCE CODE/template-api-ts-clean-architecture/src/modules/user/usecases/get.usecase.ts": {"path":"/Users/ginanjardp/Documents/AIZEN/SOURCE CODE/template-api-ts-clean-architecture/src/modules/user/usecases/get.usecase.ts","statementMap":{"0":{"start":{"line":1,"column":0},"end":{"line":1,"column":46}},"1":{"start":{"line":3,"column":0},"end":{"line":3,"column":80}},"2":{"start":{"line":8,"column":7},"end":{"line":15,"column":null}},"3":{"start":{"line":10,"column":51},"end":{"line":10,"column":61}},"4":{"start":{"line":13,"column":8},"end":{"line":13,"column":53}},"5":{"start":{"line":8,"column":13},"end":{"line":8,"column":27}},"6":{"start":{"line":8,"column":13},"end":{"line":15,"column":null}}},"fnMap":{"0":{"name":"(anonymous_4)","decl":{"start":{"line":9,"column":4},"end":{"line":9,"column":null}},"loc":{"start":{"line":10,"column":75},"end":{"line":11,"column":8}}},"1":{"name":"(anonymous_5)","decl":{"start":{"line":12,"column":4},"end":{"line":12,"column":9}},"loc":{"start":{"line":12,"column":33},"end":{"line":14,"column":5}}}},"branchMap":{},"s":{"0":5,"1":5,"2":5,"3":1,"4":1,"5":5,"6":5},"f":{"0":1,"1":1},"b":{}}
,"/Users/ginanjardp/Documents/AIZEN/SOURCE CODE/template-api-ts-clean-architecture/src/modules/user/usecases/index.ts": {"path":"/Users/ginanjardp/Documents/AIZEN/SOURCE CODE/template-api-ts-clean-architecture/src/modules/user/usecases/index.ts","statementMap":{"0":{"start":{"line":1,"column":0},"end":{"line":1,"column":9}},"1":{"start":{"line":7,"column":9},"end":{"line":1,"column":78}},"2":{"start":{"line":2,"column":0},"end":{"line":2,"column":9}},"3":{"start":{"line":7,"column":28},"end":{"line":2,"column":72}},"4":{"start":{"line":3,"column":0},"end":{"line":3,"column":9}},"5":{"start":{"line":7,"column":44},"end":{"line":3,"column":78}},"6":{"start":{"line":4,"column":0},"end":{"line":4,"column":9}},"7":{"start":{"line":7,"column":63},"end":{"line":4,"column":78}},"8":{"start":{"line":5,"column":0},"end":{"line":5,"column":9}},"9":{"start":{"line":7,"column":82},"end":{"line":5,"column":78}}},"fnMap":{"0":{"name":"(anonymous_0)","decl":{"start":{"line":7,"column":9},"end":{"line":7,"column":26}},"loc":{"start":{"line":7,"column":9},"end":{"line":1,"column":78}}},"1":{"name":"(anonymous_1)","decl":{"start":{"line":7,"column":28},"end":{"line":7,"column":42}},"loc":{"start":{"line":7,"column":28},"end":{"line":2,"column":72}}},"2":{"name":"(anonymous_2)","decl":{"start":{"line":7,"column":44},"end":{"line":7,"column":61}},"loc":{"start":{"line":7,"column":44},"end":{"line":3,"column":78}}},"3":{"name":"(anonymous_3)","decl":{"start":{"line":7,"column":63},"end":{"line":7,"column":80}},"loc":{"start":{"line":7,"column":63},"end":{"line":4,"column":78}}},"4":{"name":"(anonymous_4)","decl":{"start":{"line":7,"column":82},"end":{"line":7,"column":99}},"loc":{"start":{"line":7,"column":82},"end":{"line":5,"column":78}}}},"branchMap":{},"s":{"0":5,"1":6,"2":5,"3":6,"4":5,"5":7,"6":5,"7":7,"8":5,"9":7},"f":{"0":1,"1":1,"2":2,"3":2,"4":2},"b":{}}
,"/Users/ginanjardp/Documents/AIZEN/SOURCE CODE/template-api-ts-clean-architecture/src/modules/user/usecases/update.usecase.ts": {"path":"/Users/ginanjardp/Documents/AIZEN/SOURCE CODE/template-api-ts-clean-architecture/src/modules/user/usecases/update.usecase.ts","statementMap":{"0":{"start":{"line":1,"column":0},"end":{"line":1,"column":46}},"1":{"start":{"line":3,"column":0},"end":{"line":3,"column":80}},"2":{"start":{"line":5,"column":0},"end":{"line":5,"column":89}},"3":{"start":{"line":6,"column":0},"end":{"line":6,"column":51}},"4":{"start":{"line":9,"column":7},"end":{"line":31,"column":null}},"5":{"start":{"line":11,"column":51},"end":{"line":11,"column":61}},"6":{"start":{"line":14,"column":23},"end":{"line":27,"column":10}},"7":{"start":{"line":15,"column":12},"end":{"line":21,"column":14}},"8":{"start":{"line":23,"column":32},"end":{"line":23,"column":77}},"9":{"start":{"line":24,"column":12},"end":{"line":24,"column":92}},"10":{"start":{"line":24,"column":30},"end":{"line":24,"column":92}},"11":{"start":{"line":26,"column":12},"end":{"line":26,"column":31}},"12":{"start":{"line":29,"column":8},"end":{"line":29,"column":22}},"13":{"start":{"line":9,"column":13},"end":{"line":9,"column":30}},"14":{"start":{"line":9,"column":13},"end":{"line":31,"column":null}}},"fnMap":{"0":{"name":"(anonymous_4)","decl":{"start":{"line":10,"column":4},"end":{"line":10,"column":null}},"loc":{"start":{"line":11,"column":75},"end":{"line":12,"column":8}}},"1":{"name":"(anonymous_5)","decl":{"start":{"line":13,"column":4},"end":{"line":13,"column":9}},"loc":{"start":{"line":13,"column":36},"end":{"line":30,"column":5}}},"2":{"name":"(anonymous_6)","decl":{"start":{"line":14,"column":46},"end":{"line":14,"column":51}},"loc":{"start":{"line":14,"column":64},"end":{"line":27,"column":9}}}},"branchMap":{"0":{"loc":{"start":{"line":24,"column":12},"end":{"line":24,"column":92}},"type":"if","locations":[{"start":{"line":24,"column":12},"end":{"line":24,"column":92}},{"start":{},"end":{}}]}},"s":{"0":5,"1":5,"2":5,"3":5,"4":5,"5":2,"6":2,"7":2,"8":2,"9":2,"10":1,"11":1,"12":1,"13":5,"14":5},"f":{"0":2,"1":2,"2":2},"b":{"0":[1,1]}}
,"/Users/ginanjardp/Documents/AIZEN/SOURCE CODE/template-api-ts-clean-architecture/src/presentation/grpc/handler/grpc.handler.ts": {"path":"/Users/ginanjardp/Documents/AIZEN/SOURCE CODE/template-api-ts-clean-architecture/src/presentation/grpc/handler/grpc.handler.ts","statementMap":{"0":{"start":{"line":8,"column":0},"end":{"line":8,"column":16}},"1":{"start":{"line":26,"column":0},"end":{"line":26,"column":16}},"2":{"start":{"line":2,"column":0},"end":{"line":2,"column":71}},"3":{"start":{"line":3,"column":0},"end":{"line":3,"column":68}},"4":{"start":{"line":4,"column":0},"end":{"line":4,"column":98}},"5":{"start":{"line":5,"column":0},"end":{"line":5,"column":89}},"6":{"start":{"line":11,"column":4},"end":{"line":23,"column":6}},"7":{"start":{"line":15,"column":8},"end":{"line":22,"column":11}},"8":{"start":{"line":16,"column":12},"end":{"line":21,"column":13}},"9":{"start":{"line":17,"column":16},"end":{"line":17,"column":40}},"10":{"start":{"line":18,"column":16},"end":{"line":18,"column":26}},"11":{"start":{"line":20,"column":16},"end":{"line":20,"column":82}},"12":{"start":{"line":27,"column":4},"end":{"line":42,"column":5}},"13":{"start":{"line":28,"column":54},"end":{"line":28,"column":66}},"14":{"start":{"line":29,"column":34},"end":{"line":29,"column":68}},"15":{"start":{"line":31,"column":32},"end":{"line":31,"column":53}},"16":{"start":{"line":32,"column":8},"end":{"line":39,"column":9}},"17":{"start":{"line":33,"column":36},"end":{"line":33,"column":93}},"18":{"start":{"line":34,"column":29},"end":{"line":36,"column":null}},"19":{"start":{"line":38,"column":12},"end":{"line":38,"column":51}},"20":{"start":{"line":41,"column":8},"end":{"line":41,"column":62}}},"fnMap":{"0":{"name":"wrapUnaryHandler","decl":{"start":{"line":8,"column":16},"end":{"line":8,"column":32}},"loc":{"start":{"line":9,"column":49},"end":{"line":24,"column":1}}},"1":{"name":"(anonymous_1)","decl":{"start":{"line":11,"column":11},"end":{"line":11,"column":16}},"loc":{"start":{"line":14,"column":23},"end":{"line":23,"column":5}}},"2":{"name":"(anonymous_2)","decl":{"start":{"line":15,"column":32},"end":{"line":15,"column":33}},"loc":{"start":{"line":15,"column":52},"end":{"line":22,"column":9}}},"3":{"name":"registerGrpcHandlers","decl":{"start":{"line":26,"column":16},"end":{"line":26,"column":36}},"loc":{"start":{"line":26,"column":51},"end":{"line":43,"column":1}}}},"branchMap":{"0":{"loc":{"start":{"line":20,"column":23},"end":{"line":20,"column":80}},"type":"cond-expr","locations":[{"start":{"line":20,"column":48},"end":{"line":20,"column":53}},{"start":{"line":20,"column":56},"end":{"line":20,"column":80}}]}},"s":{"0":1,"1":1,"2":1,"3":1,"4":1,"5":1,"6":3,"7":2,"8":2,"9":2,"10":1,"11":1,"12":1,"13":1,"14":1,"15":1,"16":1,"17":1,"18":1,"19":1,"20":1},"f":{"0":3,"1":2,"2":2,"3":1},"b":{"0":[1,0]}}
,"/Users/ginanjardp/Documents/AIZEN/SOURCE CODE/template-api-ts-clean-architecture/src/presentation/grpc/interceptors/compose.interceptor.ts": {"path":"/Users/ginanjardp/Documents/AIZEN/SOURCE CODE/template-api-ts-clean-architecture/src/presentation/grpc/interceptors/compose.interceptor.ts","statementMap":{"0":{"start":{"line":7,"column":0},"end":{"line":7,"column":16}},"1":{"start":{"line":1,"column":0},"end":{"line":1,"column":null}},"2":{"start":{"line":11,"column":4},"end":{"line":30,"column":6}},"3":{"start":{"line":12,"column":22},"end":{"line":26,"column":null}},"4":{"start":{"line":14,"column":16},"end":{"line":24,"column":18}},"5":{"start":{"line":15,"column":20},"end":{"line":23,"column":21}},"6":{"start":{"line":16,"column":24},"end":{"line":16,"column":74}},"7":{"start":{"line":18,"column":24},"end":{"line":18,"column":71}},"8":{"start":{"line":19,"column":24},"end":{"line":22,"column":33}},"9":{"start":{"line":29,"column":8},"end":{"line":29,"column":35}}},"fnMap":{"0":{"name":"composeInterceptors","decl":{"start":{"line":7,"column":16},"end":{"line":7,"column":35}},"loc":{"start":{"line":9,"column":47},"end":{"line":31,"column":1}}},"1":{"name":"(anonymous_1)","decl":{"start":{"line":11,"column":11},"end":{"line":11,"column":12}},"loc":{"start":{"line":11,"column":30},"end":{"line":30,"column":5}}},"2":{"name":"(anonymous_2)","decl":{"start":{"line":13,"column":12},"end":{"line":13,"column":13}},"loc":{"start":{"line":13,"column":34},"end":{"line":25,"column":13}}},"3":{"name":"(anonymous_3)","decl":{"start":{"line":14,"column":23},"end":{"line":14,"column":28}},"loc":{"start":{"line":14,"column":58},"end":{"line":24,"column":17}}}},"branchMap":{"0":{"loc":{"start":{"line":21,"column":33},"end":{"line":21,"column":85}},"type":"cond-expr","locations":[{"start":{"line":21,"column":56},"end":{"line":21,"column":67}},{"start":{"line":21,"column":70},"end":{"line":21,"column":85}}]}},"s":{"0":1,"1":1,"2":3,"3":3,"4":3,"5":3,"6":3,"7":1,"8":1,"9":3},"f":{"0":3,"1":3,"2":3,"3":3},"b":{"0":[1,0]}}
,"/Users/ginanjardp/Documents/AIZEN/SOURCE CODE/template-api-ts-clean-architecture/src/presentation/grpc/interceptors/error.interceptor.ts": {"path":"/Users/ginanjardp/Documents/AIZEN/SOURCE CODE/template-api-ts-clean-architecture/src/presentation/grpc/interceptors/error.interceptor.ts","statementMap":{"0":{"start":{"line":1,"column":0},"end":{"line":1,"column":63}},"1":{"start":{"line":3,"column":0},"end":{"line":3,"column":64}},"2":{"start":{"line":5,"column":49},"end":{"line":47,"column":1}},"3":{"start":{"line":6,"column":4},"end":{"line":46,"column":5}},"4":{"start":{"line":7,"column":8},"end":{"line":7,"column":37}},"5":{"start":{"line":9,"column":25},"end":{"line":9,"column":39}},"6":{"start":{"line":11,"column":25},"end":{"line":11,"column":39}},"7":{"start":{"line":12,"column":30},"end":{"line":12,"column":53}},"8":{"start":{"line":14,"column":8},"end":{"line":27,"column":9}},"9":{"start":{"line":15,"column":12},"end":{"line":15,"column":66}},"10":{"start":{"line":16,"column":12},"end":{"line":16,"column":36}},"11":{"start":{"line":18,"column":12},"end":{"line":20,"column":13}},"12":{"start":{"line":19,"column":16},"end":{"line":19,"column":70}},"13":{"start":{"line":22,"column":12},"end":{"line":24,"column":13}},"14":{"start":{"line":23,"column":16},"end":{"line":23,"column":70}},"15":{"start":{"line":25,"column":15},"end":{"line":27,"column":9}},"16":{"start":{"line":26,"column":12},"end":{"line":26,"column":36}},"17":{"start":{"line":29,"column":8},"end":{"line":35,"column":9}},"18":{"start":{"line":34,"column":12},"end":{"line":34,"column":47}},"19":{"start":{"line":37,"column":40},"end":{"line":43,"column":10}},"20":{"start":{"line":45,"column":8},"end":{"line":45,"column":48}},"21":{"start":{"line":5,"column":13},"end":{"line":5,"column":49}},"22":{"start":{"line":50,"column":4},"end":{"line":60,"column":5}},"23":{"start":{"line":51,"column":18},"end":{"line":51,"column":49}},"24":{"start":{"line":52,"column":18},"end":{"line":52,"column":48}},"25":{"start":{"line":53,"column":18},"end":{"line":53,"column":50}},"26":{"start":{"line":54,"column":18},"end":{"line":54,"column":42}},"27":{"start":{"line":55,"column":18},"end":{"line":55,"column":47}},"28":{"start":{"line":56,"column":18},"end":{"line":56,"column":51}},"29":{"start":{"line":57,"column":18},"end":{"line":57,"column":41}},"30":{"start":{"line":58,"column":18},"end":{"line":58,"column":44}},"31":{"start":{"line":59,"column":17},"end":{"line":59,"column":39}}},"fnMap":{"0":{"name":"(anonymous_0)","decl":{"start":{"line":5,"column":49},"end":{"line":5,"column":54}},"loc":{"start":{"line":5,"column":82},"end":{"line":47,"column":1}}},"1":{"name":"mapHttpToGrpcStatus","decl":{"start":{"line":49,"column":9},"end":{"line":49,"column":28}},"loc":{"start":{"line":49,"column":45},"end":{"line":61,"column":1}}}},"branchMap":{"0":{"loc":{"start":{"line":14,"column":8},"end":{"line":27,"column":9}},"type":"if","locations":[{"start":{"line":14,"column":8},"end":{"line":27,"column":9}},{"start":{"line":25,"column":15},"end":{"line":27,"column":9}}]},"1":{"loc":{"start":{"line":15,"column":45},"end":{"line":15,"column":64}},"type":"binary-expr","locations":[{"start":{"line":15,"column":45},"end":{"line":15,"column":57}},{"start":{"line":15,"column":61},"end":{"line":15,"column":64}}]},"2":{"loc":{"start":{"line":18,"column":12},"end":{"line":20,"column":13}},"type":"if","locations":[{"start":{"line":18,"column":12},"end":{"line":20,"column":13}},{"start":{},"end":{}}]},"3":{"loc":{"start":{"line":22,"column":12},"end":{"line":24,"column":13}},"type":"if","locations":[{"start":{"line":22,"column":12},"end":{"line":24,"column":13}},{"start":{},"end":{}}]},"4":{"loc":{"start":{"line":25,"column":15},"end":{"line":27,"column":9}},"type":"if","locations":[{"start":{"line":25,"column":15},"end":{"line":27,"column":9}},{"start":{},"end":{}}]},"5":{"loc":{"start":{"line":29,"column":8},"end":{"line":35,"column":9}},"type":"if","locations":[{"start":{"line":29,"column":8},"end":{"line":35,"column":9}},{"start":{},"end":{}}]},"6":{"loc":{"start":{"line":30,"column":12},"end":{"line":32,"column":43}},"type":"binary-expr","locations":[{"start":{"line":30,"column":12},"end":{"line":30,"column":49}},{"start":{"line":31,"column":12},"end":{"line":31,"column":34}},{"start":{"line":32,"column":12},"end":{"line":32,"column":43}}]},"7":{"loc":{"start":{"line":50,"column":4},"end":{"line":60,"column":5}},"type":"switch","locations":[{"start":{"line":51,"column":8},"end":{"line":51,"column":49}},{"start":{"line":52,"column":8},"end":{"line":52,"column":48}},{"start":{"line":53,"column":8},"end":{"line":53,"column":50}},{"start":{"line":54,"column":8},"end":{"line":54,"column":42}},{"start":{"line":55,"column":8},"end":{"line":55,"column":47}},{"start":{"line":56,"column":8},"end":{"line":56,"column":51}},{"start":{"line":57,"column":8},"end":{"line":57,"column":41}},{"start":{"line":58,"column":8},"end":{"line":58,"column":44}},{"start":{"line":59,"column":8},"end":{"line":59,"column":39}}]}},"s":{"0":2,"1":2,"2":2,"3":1,"4":1,"5":0,"6":0,"7":0,"8":0,"9":0,"10":0,"11":0,"12":0,"13":0,"14":0,"15":0,"16":0,"17":0,"18":0,"19":0,"20":0,"21":2,"22":0,"23":0,"24":0,"25":0,"26":0,"27":0,"28":0,"29":0,"30":0,"31":0},"f":{"0":1,"1":0},"b":{"0":[0,0],"1":[0,0],"2":[0,0],"3":[0,0],"4":[0,0],"5":[0,0],"6":[0,0,0],"7":[0,0,0,0,0,0,0,0,0]}}
,"/Users/ginanjardp/Documents/AIZEN/SOURCE CODE/template-api-ts-clean-architecture/src/presentation/grpc/interceptors/request.interceptor.ts": {"path":"/Users/ginanjardp/Documents/AIZEN/SOURCE CODE/template-api-ts-clean-architecture/src/presentation/grpc/interceptors/request.interceptor.ts","statementMap":{"0":{"start":{"line":12,"column":0},"end":{"line":12,"column":16}},"1":{"start":{"line":1,"column":0},"end":{"line":1,"column":52}},"2":{"start":{"line":2,"column":0},"end":{"line":2,"column":48}},"3":{"start":{"line":3,"column":0},"end":{"line":3,"column":null}},"4":{"start":{"line":10,"column":0},"end":{"line":10,"column":36}},"5":{"start":{"line":13,"column":4},"end":{"line":56,"column":6}},"6":{"start":{"line":21,"column":8},"end":{"line":55,"column":9}},"7":{"start":{"line":22,"column":29},"end":{"line":22,"column":51}},"8":{"start":{"line":23,"column":28},"end":{"line":23,"column":84}},"9":{"start":{"line":24,"column":12},"end":{"line":27,"column":13}},"10":{"start":{"line":25,"column":16},"end":{"line":25,"column":37}},"11":{"start":{"line":26,"column":16},"end":{"line":26,"column":59}},"12":{"start":{"line":29,"column":25},"end":{"line":29,"column":97}},"13":{"start":{"line":30,"column":12},"end":{"line":30,"column":38}},"14":{"start":{"line":32,"column":28},"end":{"line":39,"column":14}},"15":{"start":{"line":41,"column":12},"end":{"line":41,"column":41}},"16":{"start":{"line":42,"column":12},"end":{"line":42,"column":39}},"17":{"start":{"line":44,"column":12},"end":{"line":44,"column":68}},"18":{"start":{"line":46,"column":44},"end":{"line":52,"column":14}},"19":{"start":{"line":54,"column":12},"end":{"line":54,"column":38}}},"fnMap":{"0":{"name":"grpcRequestInterceptor","decl":{"start":{"line":12,"column":16},"end":{"line":12,"column":38}},"loc":{"start":{"line":12,"column":78},"end":{"line":57,"column":1}}},"1":{"name":"(anonymous_1)","decl":{"start":{"line":13,"column":11},"end":{"line":13,"column":16}},"loc":{"start":{"line":20,"column":23},"end":{"line":56,"column":5}}}},"branchMap":{"0":{"loc":{"start":{"line":24,"column":12},"end":{"line":27,"column":13}},"type":"if","locations":[{"start":{"line":24,"column":12},"end":{"line":27,"column":13}},{"start":{},"end":{}}]},"1":{"loc":{"start":{"line":29,"column":25},"end":{"line":29,"column":97}},"type":"cond-expr","locations":[{"start":{"line":29,"column":86},"end":{"line":29,"column":90}},{"start":{"line":29,"column":93},"end":{"line":29,"column":97}}]}},"s":{"0":1,"1":1,"2":1,"3":1,"4":1,"5":3,"6":3,"7":3,"8":3,"9":3,"10":2,"11":2,"12":3,"13":3,"14":3,"15":3,"16":3,"17":1,"18":1,"19":1},"f":{"0":3,"1":3},"b":{"0":[2,1],"1":[2,1]}}
,"/Users/ginanjardp/Documents/AIZEN/SOURCE CODE/template-api-ts-clean-architecture/src/presentation/grpc/interceptors/validator.interceptor.ts": {"path":"/Users/ginanjardp/Documents/AIZEN/SOURCE CODE/template-api-ts-clean-architecture/src/presentation/grpc/interceptors/validator.interceptor.ts","statementMap":{"0":{"start":{"line":6,"column":0},"end":{"line":6,"column":16}},"1":{"start":{"line":1,"column":0},"end":{"line":1,"column":81}},"2":{"start":{"line":2,"column":0},"end":{"line":2,"column":52}},"3":{"start":{"line":3,"column":0},"end":{"line":3,"column":43}},"4":{"start":{"line":9,"column":4},"end":{"line":38,"column":6}},"5":{"start":{"line":14,"column":25},"end":{"line":14,"column":64}},"6":{"start":{"line":15,"column":23},"end":{"line":15,"column":47}},"7":{"start":{"line":17,"column":8},"end":{"line":35,"column":9}},"8":{"start":{"line":18,"column":29},"end":{"line":18,"column":43}},"9":{"start":{"line":19,"column":29},"end":{"line":23,"column":29}},"10":{"start":{"line":21,"column":40},"end":{"line":21,"column":85}},"11":{"start":{"line":22,"column":20},"end":{"line":22,"column":59}},"12":{"start":{"line":25,"column":30},"end":{"line":31,"column":14}},"13":{"start":{"line":33,"column":12},"end":{"line":33,"column":38}},"14":{"start":{"line":34,"column":12},"end":{"line":34,"column":19}},"15":{"start":{"line":37,"column":8},"end":{"line":37,"column":35}}},"fnMap":{"0":{"name":"grpcValidateRequest","decl":{"start":{"line":6,"column":16},"end":{"line":6,"column":35}},"loc":{"start":{"line":7,"column":32},"end":{"line":39,"column":1}}},"1":{"name":"(anonymous_1)","decl":{"start":{"line":9,"column":11},"end":{"line":9,"column":16}},"loc":{"start":{"line":13,"column":23},"end":{"line":38,"column":5}}},"2":{"name":"(anonymous_2)","decl":{"start":{"line":20,"column":21},"end":{"line":20,"column":22}},"loc":{"start":{"line":20,"column":27},"end":{"line":23,"column":17}}}},"branchMap":{"0":{"loc":{"start":{"line":17,"column":8},"end":{"line":35,"column":9}},"type":"if","locations":[{"start":{"line":17,"column":8},"end":{"line":35,"column":9}},{"start":{},"end":{}}]},"1":{"loc":{"start":{"line":21,"column":54},"end":{"line":21,"column":73}},"type":"binary-expr","locations":[{"start":{"line":21,"column":54},"end":{"line":21,"column":67}},{"start":{"line":21,"column":71},"end":{"line":21,"column":73}}]}},"s":{"0":1,"1":1,"2":1,"3":1,"4":2,"5":2,"6":2,"7":2,"8":1,"9":1,"10":1,"11":1,"12":1,"13":1,"14":1,"15":1},"f":{"0":2,"1":2,"2":1},"b":{"0":[1,1],"1":[1,0]}}
,"/Users/ginanjardp/Documents/AIZEN/SOURCE CODE/template-api-ts-clean-architecture/src/presentation/grpc/responses/grpc.response.ts": {"path":"/Users/ginanjardp/Documents/AIZEN/SOURCE CODE/template-api-ts-clean-architecture/src/presentation/grpc/responses/grpc.response.ts","statementMap":{"0":{"start":{"line":6,"column":0},"end":{"line":6,"column":16}},"1":{"start":{"line":23,"column":0},"end":{"line":23,"column":16}},"2":{"start":{"line":40,"column":0},"end":{"line":40,"column":16}},"3":{"start":{"line":61,"column":0},"end":{"line":61,"column":16}},"4":{"start":{"line":65,"column":0},"end":{"line":65,"column":16}},"5":{"start":{"line":69,"column":0},"end":{"line":69,"column":16}},"6":{"start":{"line":73,"column":0},"end":{"line":73,"column":16}},"7":{"start":{"line":77,"column":0},"end":{"line":77,"column":16}},"8":{"start":{"line":1,"column":0},"end":{"line":1,"column":78}},"9":{"start":{"line":2,"column":0},"end":{"line":2,"column":67}},"10":{"start":{"line":3,"column":0},"end":{"line":3,"column":59}},"11":{"start":{"line":11,"column":19},"end":{"line":18,"column":9}},"12":{"start":{"line":20,"column":2},"end":{"line":20,"column":27}},"13":{"start":{"line":28,"column":21},"end":{"line":35,"column":11}},"14":{"start":{"line":37,"column":4},"end":{"line":37,"column":29}},"15":{"start":{"line":46,"column":21},"end":{"line":46,"column":35}},"16":{"start":{"line":47,"column":4},"end":{"line":47,"column":48}},"17":{"start":{"line":48,"column":4},"end":{"line":48,"column":43}},"18":{"start":{"line":50,"column":32},"end":{"line":56,"column":6}},"19":{"start":{"line":58,"column":4},"end":{"line":58,"column":26}},"20":{"start":{"line":62,"column":4},"end":{"line":62,"column":69}},"21":{"start":{"line":66,"column":4},"end":{"line":66,"column":60}},"22":{"start":{"line":70,"column":4},"end":{"line":70,"column":71}},"23":{"start":{"line":74,"column":4},"end":{"line":74,"column":69}},"24":{"start":{"line":78,"column":4},"end":{"line":78,"column":68}}},"fnMap":{"0":{"name":"success","decl":{"start":{"line":6,"column":16},"end":{"line":6,"column":23}},"loc":{"start":{"line":9,"column":10},"end":{"line":21,"column":1}}},"1":{"name":"created","decl":{"start":{"line":23,"column":16},"end":{"line":23,"column":23}},"loc":{"start":{"line":26,"column":18},"end":{"line":38,"column":1}}},"2":{"name":"error","decl":{"start":{"line":40,"column":16},"end":{"line":40,"column":21}},"loc":{"start":{"line":44,"column":20},"end":{"line":59,"column":1}}},"3":{"name":"badRequest","decl":{"start":{"line":61,"column":16},"end":{"line":61,"column":26}},"loc":{"start":{"line":61,"column":74},"end":{"line":63,"column":1}}},"4":{"name":"notFound","decl":{"start":{"line":65,"column":16},"end":{"line":65,"column":24}},"loc":{"start":{"line":65,"column":72},"end":{"line":67,"column":1}}},"5":{"name":"internalServerError","decl":{"start":{"line":69,"column":16},"end":{"line":69,"column":35}},"loc":{"start":{"line":69,"column":83},"end":{"line":71,"column":1}}},"6":{"name":"unauthorized","decl":{"start":{"line":73,"column":16},"end":{"line":73,"column":28}},"loc":{"start":{"line":73,"column":76},"end":{"line":75,"column":1}}},"7":{"name":"forbidden","decl":{"start":{"line":77,"column":16},"end":{"line":77,"column":25}},"loc":{"start":{"line":77,"column":73},"end":{"line":79,"column":1}}}},"branchMap":{"0":{"loc":{"start":{"line":54,"column":17},"end":{"line":54,"column":80}},"type":"cond-expr","locations":[{"start":{"line":54,"column":47},"end":{"line":54,"column":54}},{"start":{"line":54,"column":57},"end":{"line":54,"column":80}}]}},"s":{"0":1,"1":1,"2":1,"3":1,"4":1,"5":1,"6":1,"7":1,"8":1,"9":1,"10":1,"11":1,"12":1,"13":1,"14":1,"15":6,"16":6,"17":6,"18":6,"19":6,"20":1,"21":1,"22":1,"23":1,"24":1},"f":{"0":1,"1":1,"2":6,"3":1,"4":1,"5":1,"6":1,"7":1},"b":{"0":[0,6]}}
,"/Users/ginanjardp/Documents/AIZEN/SOURCE CODE/template-api-ts-clean-architecture/src/presentation/http/middlewares/error.middleware.ts": {"path":"/Users/ginanjardp/Documents/AIZEN/SOURCE CODE/template-api-ts-clean-architecture/src/presentation/http/middlewares/error.middleware.ts","statementMap":{"0":{"start":{"line":7,"column":0},"end":{"line":7,"column":16}},"1":{"start":{"line":15,"column":0},"end":{"line":15,"column":16}},"2":{"start":{"line":2,"column":0},"end":{"line":2,"column":74}},"3":{"start":{"line":3,"column":0},"end":{"line":3,"column":62}},"4":{"start":{"line":4,"column":0},"end":{"line":4,"column":52}},"5":{"start":{"line":5,"column":0},"end":{"line":5,"column":62}},"6":{"start":{"line":8,"column":4},"end":{"line":12,"column":6}},"7":{"start":{"line":16,"column":22},"end":{"line":16,"column":39}},"8":{"start":{"line":17,"column":31},"end":{"line":17,"column":33}},"9":{"start":{"line":19,"column":4},"end":{"line":28,"column":5}},"10":{"start":{"line":20,"column":8},"end":{"line":23,"column":11}},"11":{"start":{"line":21,"column":12},"end":{"line":21,"column":40}},"12":{"start":{"line":21,"column":31},"end":{"line":21,"column":40}},"13":{"start":{"line":22,"column":12},"end":{"line":22,"column":21}},"14":{"start":{"line":24,"column":11},"end":{"line":28,"column":5}},"15":{"start":{"line":25,"column":8},"end":{"line":25,"column":37}},"16":{"start":{"line":27,"column":8},"end":{"line":27,"column":32}},"17":{"start":{"line":30,"column":28},"end":{"line":30,"column":31}},"18":{"start":{"line":32,"column":4},"end":{"line":35,"column":5}},"19":{"start":{"line":33,"column":8},"end":{"line":33,"column":47}},"20":{"start":{"line":34,"column":8},"end":{"line":34,"column":60}},"21":{"start":{"line":37,"column":19},"end":{"line":37,"column":55}},"22":{"start":{"line":39,"column":4},"end":{"line":43,"column":7}},"23":{"start":{"line":45,"column":4},"end":{"line":48,"column":7}},"24":{"start":{"line":50,"column":4},"end":{"line":50,"column":null}}},"fnMap":{"0":{"name":"notFoundHandler","decl":{"start":{"line":7,"column":16},"end":{"line":7,"column":31}},"loc":{"start":{"line":7,"column":81},"end":{"line":13,"column":1}}},"1":{"name":"globalErrorHandler","decl":{"start":{"line":15,"column":16},"end":{"line":15,"column":34}},"loc":{"start":{"line":15,"column":103},"end":{"line":51,"column":1}}},"2":{"name":"(anonymous_3)","decl":{"start":{"line":20,"column":34},"end":{"line":20,"column":35}},"loc":{"start":{"line":20,"column":49},"end":{"line":23,"column":9}}}},"branchMap":{"0":{"loc":{"start":{"line":16,"column":22},"end":{"line":16,"column":39}},"type":"binary-expr","locations":[{"start":{"line":16,"column":22},"end":{"line":16,"column":32}},{"start":{"line":16,"column":36},"end":{"line":16,"column":39}}]},"1":{"loc":{"start":{"line":19,"column":4},"end":{"line":28,"column":5}},"type":"if","locations":[{"start":{"line":19,"column":4},"end":{"line":28,"column":5}},{"start":{"line":24,"column":11},"end":{"line":28,"column":5}}]},"2":{"loc":{"start":{"line":21,"column":12},"end":{"line":21,"column":40}},"type":"if","locations":[{"start":{"line":21,"column":12},"end":{"line":21,"column":40}},{"start":{},"end":{}}]},"3":{"loc":{"start":{"line":24,"column":11},"end":{"line":28,"column":5}},"type":"if","locations":[{"start":{"line":24,"column":11},"end":{"line":28,"column":5}},{"start":{"line":26,"column":11},"end":{"line":28,"column":5}}]},"4":{"loc":{"start":{"line":32,"column":4},"end":{"line":35,"column":5}},"type":"if","locations":[{"start":{"line":32,"column":4},"end":{"line":35,"column":5}},{"start":{},"end":{}}]},"5":{"loc":{"start":{"line":37,"column":19},"end":{"line":37,"column":55}},"type":"binary-expr","locations":[{"start":{"line":37,"column":19},"end":{"line":37,"column":29}},{"start":{"line":37,"column":33},"end":{"line":37,"column":48}},{"start":{"line":37,"column":52},"end":{"line":37,"column":55}}]}},"s":{"0":1,"1":1,"2":1,"3":1,"4":1,"5":1,"6":1,"7":3,"8":3,"9":3,"10":2,"11":2,"12":0,"13":2,"14":1,"15":0,"16":1,"17":3,"18":3,"19":0,"20":0,"21":3,"22":3,"23":3,"24":3},"f":{"0":1,"1":3,"2":2},"b":{"0":[3,0],"1":[2,1],"2":[0,2],"3":[0,1],"4":[0,3],"5":[3,0,0]}}
[...]
nd":{"line":61,"column":104}},"28":{"start":{"line":62,"column":8},"end":{"line":62,"column":102}},"29":{"start":{"line":63,"column":8},"end":{"line":63,"column":26}},"30":{"start":{"line":252,"column":4},"end":{"line":252,"column":24}},"31":{"start":{"line":69,"column":8},"end":{"line":69,"column":95}},"32":{"start":{"line":70,"column":8},"end":{"line":70,"column":97}},"33":{"start":{"line":71,"column":8},"end":{"line":71,"column":26}},"34":{"start":{"line":253,"column":4},"end":{"line":253,"column":31}},"35":{"start":{"line":77,"column":8},"end":{"line":77,"column":89}},"36":{"start":{"line":78,"column":8},"end":{"line":78,"column":101}},"37":{"start":{"line":79,"column":8},"end":{"line":79,"column":26}},"38":{"start":{"line":254,"column":4},"end":{"line":254,"column":20}},"39":{"start":{"line":85,"column":8},"end":{"line":85,"column":102}},"40":{"start":{"line":86,"column":8},"end":{"line":86,"column":101}},"41":{"start":{"line":87,"column":8},"end":{"line":87,"column":26}},"42":{"start":{"line":255,"column":4},"end":{"line":255,"column":24}},"43":{"start":{"line":93,"column":8},"end":{"line":93,"column":95}},"44":{"start":{"line":94,"column":8},"end":{"line":94,"column":105}},"45":{"start":{"line":95,"column":8},"end":{"line":95,"column":35}},"46":{"start":{"line":96,"column":8},"end":{"line":96,"column":26}},"47":{"start":{"line":256,"column":4},"end":{"line":256,"column":21}},"48":{"start":{"line":102,"column":8},"end":{"line":102,"column":97}},"49":{"start":{"line":103,"column":8},"end":{"line":103,"column":107}},"50":{"start":{"line":104,"column":8},"end":{"line":104,"column":35}},"51":{"start":{"line":105,"column":8},"end":{"line":105,"column":26}},"52":{"start":{"line":257,"column":4},"end":{"line":257,"column":23}},"53":{"start":{"line":111,"column":8},"end":{"line":111,"column":97}},"54":{"start":{"line":112,"column":8},"end":{"line":112,"column":107}},"55":{"start":{"line":113,"column":8},"end":{"line":113,"column":35}},"56":{"start":{"line":114,"column":8},"end":{"line":114,"column":26}},"57":{"start":{"line":258,"column":4},"end":{"line":258,"column":23}},"58":{"start":{"line":120,"column":8},"end":{"line":120,"column":97}},"59":{"start":{"line":121,"column":8},"end":{"line":121,"column":107}},"60":{"start":{"line":122,"column":8},"end":{"line":122,"column":35}},"61":{"start":{"line":123,"column":8},"end":{"line":123,"column":26}},"62":{"start":{"line":259,"column":4},"end":{"line":259,"column":23}},"63":{"start":{"line":129,"column":8},"end":{"line":129,"column":91}},"64":{"start":{"line":130,"column":8},"end":{"line":130,"column":102}},"65":{"start":{"line":131,"column":8},"end":{"line":131,"column":26}},"66":{"start":{"line":260,"column":4},"end":{"line":260,"column":22}},"67":{"start":{"line":137,"column":8},"end":{"line":137,"column":89}},"68":{"start":{"line":138,"column":8},"end":{"line":138,"column":100}},"69":{"start":{"line":139,"column":8},"end":{"line":139,"column":26}},"70":{"start":{"line":261,"column":4},"end":{"line":261,"column":20}},"71":{"start":{"line":145,"column":8},"end":{"line":145,"column":91}},"72":{"start":{"line":146,"column":8},"end":{"line":146,"column":99}},"73":{"start":{"line":147,"column":8},"end":{"line":147,"column":26}},"74":{"start":{"line":262,"column":4},"end":{"line":262,"column":22}},"75":{"start":{"line":153,"column":8},"end":{"line":153,"column":83}},"76":{"start":{"line":154,"column":8},"end":{"line":154,"column":97}},"77":{"start":{"line":155,"column":8},"end":{"line":155,"column":26}},"78":{"start":{"line":263,"column":4},"end":{"line":263,"column":14}},"79":{"start":{"line":161,"column":8},"end":{"line":161,"column":85}},"80":{"start":{"line":162,"column":8},"end":{"line":162,"column":97}},"81":{"start":{"line":163,"column":8},"end":{"line":163,"column":26}},"82":{"start":{"line":264,"column":4},"end":{"line":264,"column":21}},"83":{"start":{"line":169,"column":8},"end":{"line":169,"column":83}},"84":{"start":{"line":170,"column":8},"end":{"line":170,"column":97}},"85":{"start":{"line":171,"column":8},"end":{"line":171,"column":26}},"86":{"start":{"line":265,"column":4},"end":{"line":265,"column":16}},"87":{"start":{"line":177,"column":8},"end":{"line":177,"column":99}},"88":{"start":{"line":178,"column":8},"end":{"line":178,"column":96}},"89":{"start":{"line":179,"column":8},"end":{"line":179,"column":26}},"90":{"start":{"line":266,"column":4},"end":{"line":266,"column":25}},"91":{"start":{"line":185,"column":8},"end":{"line":185,"column":99}},"92":{"start":{"line":186,"column":8},"end":{"line":186,"column":96}},"93":{"start":{"line":187,"column":8},"end":{"line":187,"column":26}},"94":{"start":{"line":267,"column":4},"end":{"line":267,"column":25}},"95":{"start":{"line":193,"column":8},"end":{"line":193,"column":98}},"96":{"start":{"line":194,"column":8},"end":{"line":194,"column":96}},"97":{"start":{"line":195,"column":8},"end":{"line":195,"column":26}},"98":{"start":{"line":268,"column":4},"end":{"line":268,"column":24}},"99":{"start":{"line":201,"column":8},"end":{"line":201,"column":98}},"100":{"start":{"line":202,"column":8},"end":{"line":202,"column":96}},"101":{"start":{"line":203,"column":8},"end":{"line":203,"column":26}},"102":{"start":{"line":269,"column":4},"end":{"line":269,"column":24}},"103":{"start":{"line":209,"column":8},"end":{"line":209,"column":87}},"104":{"start":{"line":210,"column":8},"end":{"line":210,"column":96}},"105":{"start":{"line":211,"column":8},"end":{"line":211,"column":26}},"106":{"start":{"line":271,"column":4},"end":{"line":271,"column":20}},"107":{"start":{"line":217,"column":8},"end":{"line":217,"column":82}},"108":{"start":{"line":218,"column":8},"end":{"line":218,"column":94}},"109":{"start":{"line":219,"column":8},"end":{"line":219,"column":26}},"110":{"start":{"line":270,"column":4},"end":{"line":270,"column":13}},"111":{"start":{"line":225,"column":8},"end":{"line":225,"column":96}},"112":{"start":{"line":226,"column":8},"end":{"line":226,"column":99}},"113":{"start":{"line":227,"column":8},"end":{"line":227,"column":26}},"114":{"start":{"line":272,"column":4},"end":{"line":272,"column":16}},"115":{"start":{"line":233,"column":8},"end":{"line":233,"column":90}},"116":{"start":{"line":234,"column":8},"end":{"line":234,"column":96}},"117":{"start":{"line":235,"column":8},"end":{"line":235,"column":26}},"118":{"start":{"line":273,"column":4},"end":{"line":273,"column":18}},"119":{"start":{"line":241,"column":8},"end":{"line":241,"column":91}},"120":{"start":{"line":242,"column":8},"end":{"line":242,"column":106}},"121":{"start":{"line":243,"column":8},"end":{"line":243,"column":35}},"122":{"start":{"line":244,"column":8},"end":{"line":244,"column":26}},"123":{"start":{"line":275,"column":4},"end":{"line":275,"column":16}}},"fnMap":{"0":{"name":"(anonymous_1)","decl":{"start":{"line":18,"column":4},"end":{"line":18,"column":16}},"loc":{"start":{"line":18,"column":31},"end":{"line":22,"column":5}}},"1":{"name":"(anonymous_2)","decl":{"start":{"line":26,"column":4},"end":{"line":26,"column":16}},"loc":{"start":{"line":26,"column":52},"end":{"line":31,"column":5}}},"2":{"name":"(anonymous_3)","decl":{"start":{"line":35,"column":4},"end":{"line":35,"column":16}},"loc":{"start":{"line":35,"column":50},"end":{"line":40,"column":5}}},"3":{"name":"(anonymous_4)","decl":{"start":{"line":44,"column":4},"end":{"line":44,"column":16}},"loc":{"start":{"line":44,"column":36},"end":{"line":48,"column":5}}},"4":{"name":"(anonymous_5)","decl":{"start":{"line":52,"column":4},"end":{"line":52,"column":16}},"loc":{"start":{"line":52,"column":53},"end":{"line":56,"column":5}}},"5":{"name":"(anonymous_6)","decl":{"start":{"line":60,"column":4},"end":{"line":60,"column":16}},"loc":{"start":{"line":60,"column":56},"end":{"line":64,"column":5}}},"6":{"name":"(anonymous_7)","decl":{"start":{"line":68,"column":4},"end":{"line":68,"column":16}},"loc":{"start":{"line":68,"column":23},"end":{"line":72,"column":5}}},"7":{"name":"(anonymous_8)","decl":{"start":{"line":76,"column":4},"end":{"line":76,"column":16}},"loc":{"start":{"line":76,"column":37},"end":{"line":80,"column":5}}},"8":{"name":"(anonymous_9)","decl":{"start":{"line":84,"column":4},"end":{"line":84,"column":16}},"loc":{"start":{"line":84,"column":54},"end":{"line":88,"column":5}}},"9":{"name":"(anonymous_10)","decl":{"start":{"line":92,"column":4},"end":{"line":92,"column":16}},"loc":{"start":{"line":92,"column":50},"end":{"line":97,"column":5}}},"10":{"name":"(anonymous_11)","decl":{"start":{"line":101,"column":4},"end":{"line":101,"column":16}},"loc":{"start":{"line":101,"column":50},"end":{"line":106,"column":5}}},"11":{"name":"(anonymous_12)","decl":{"start":{"line":110,"column":4},"end":{"line":110,"column":16}},"loc":{"start":{"line":110,"column":50},"end":{"line":115,"column":5}}},"12":{"name":"(anonymous_13)","decl":{"start":{"line":119,"column":4},"end":{"line":119,"column":16}},"loc":{"start":{"line":119,"column":50},"end":{"line":124,"column":5}}},"13":{"name":"(anonymous_14)","decl":{"start":{"line":128,"column":4},"end":{"line":128,"column":16}},"loc":{"start":{"line":128,"column":36},"end":{"line":132,"column":5}}},"14":{"name":"(anonymous_15)","decl":{"start":{"line":136,"column":4},"end":{"line":136,"column":16}},"loc":{"start":{"line":136,"column":37},"end":{"line":140,"column":5}}},"15":{"name":"(anonymous_16)","decl":{"start":{"line":144,"column":4},"end":{"line":144,"column":16}},"loc":{"start":{"line":144,"column":36},"end":{"line":148,"column":5}}},"16":{"name":"(anonymous_17)","decl":{"start":{"line":152,"column":4},"end":{"line":152,"column":16}},"loc":{"start":{"line":152,"column":23},"end":{"line":156,"column":5}}},"17":{"name":"(anonymous_18)","decl":{"start":{"line":160,"column":4},"end":{"line":160,"column":16}},"loc":{"start":{"line":160,"column":24},"end":{"line":164,"column":5}}},"18":{"name":"(anonymous_19)","decl":{"start":{"line":168,"column":4},"end":{"line":168,"column":16}},"loc":{"start":{"line":168,"column":37},"end":{"line":172,"column":5}}},"19":{"name":"(anonymous_20)","decl":{"start":{"line":176,"column":4},"end":{"line":176,"column":16}},"loc":{"start":{"line":176,"column":52},"end":{"line":180,"column":5}}},"20":{"name":"(anonymous_21)","decl":{"start":{"line":184,"column":4},"end":{"line":184,"column":16}},"loc":{"start":{"line":184,"column":52},"end":{"line":188,"column":5}}},"21":{"name":"(anonymous_22)","decl":{"start":{"line":192,"column":4},"end":{"line":192,"column":16}},"loc":{"start":{"line":192,"column":52},"end":{"line":196,"column":5}}},"22":{"name":"(anonymous_23)","decl":{"start":{"line":200,"column":4},"end":{"line":200,"column":16}},"loc":{"start":{"line":200,"column":52},"end":{"line":204,"column":5}}},"23":{"name":"(anonymous_24)","decl":{"start":{"line":208,"column":4},"end":{"line":208,"column":16}},"loc":{"start":{"line":208,"column":51},"end":{"line":212,"column":5}}},"24":{"name":"(anonymous_25)","decl":{"start":{"line":216,"column":4},"end":{"line":216,"column":16}},"loc":{"start":{"line":216,"column":38},"end":{"line":220,"column":5}}},"25":{"name":"(anonymous_26)","decl":{"start":{"line":224,"column":4},"end":{"line":224,"column":16}},"loc":{"start":{"line":224,"column":36},"end":{"line":228,"column":5}}},"26":{"name":"(anonymous_27)","decl":{"start":{"line":232,"column":4},"end":{"line":232,"column":16}},"loc":{"start":{"line":232,"column":36},"end":{"line":236,"column":5}}},"27":{"name":"(anonymous_28)","decl":{"start":{"line":240,"column":4},"end":{"line":240,"column":16}},"loc":{"start":{"line":240,"column":53},"end":{"line":245,"column":5}}}},"branchMap":{"0":{"loc":{"start":{"line":52,"column":39},"end":{"line":52,"column":53}},"type":"default-arg","locations":[{"start":{"line":52,"column":51},"end":{"line":52,"column":53}}]},"1":{"loc":{"start":{"line":60,"column":38},"end":{"line":60,"column":56}},"type":"default-arg","locations":[{"start":{"line":60,"column":50},"end":{"line":60,"column":56}}]}},"s":{"0":9,"1":9,"2":9,"3":9,"4":9,"5":31,"6":31,"7":31,"8":9,"9":5,"10":5,"11":5,"12":5,"13":9,"14":1,"15":1,"16":1,"17":1,"18":9,"19":1,"20":1,"21":1,"22":9,"23":1,"24":1,"25":1,"26":9,"27":1,"28":1,"29":1,"30":9,"31":1,"32":1,"33":1,"34":9,"35":1,"36":1,"37":1,"38":9,"39":1,"40":1,"41":1,"42":9,"43":1,"44":1,"45":1,"46":1,"47":9,"48":1,"49":1,"50":1,"51":1,"52":9,"53":1,"54":1,"55":1,"56":1,"57":9,"58":1,"59":1,"60":1,"61":1,"62":9,"63":1,"64":1,"65":1,"66":9,"67":1,"68":1,"69":1,"70":9,"71":1,"72":1,"73":1,"74":9,"75":1,"76":1,"77":1,"78":9,"79":1,"80":1,"81":1,"82":9,"83":1,"84":1,"85":1,"86":9,"87":1,"88":1,"89":1,"90":9,"91":1,"92":1,"93":1,"94":9,"95":1,"96":1,"97":1,"98":9,"99":1,"100":1,"101":1,"102":9,"103":1,"104":1,"105":1,"106":9,"107":1,"108":1,"109":1,"110":9,"111":1,"112":1,"113":1,"114":9,"115":1,"116":1,"117":1,"118":9,"119":1,"120":1,"121":1,"122":1,"123":9},"f":{"0":31,"1":5,"2":1,"3":1,"4":1,"5":1,"6":1,"7":1,"8":1,"9":1,"10":1,"11":1,"12":1,"13":1,"14":1,"15":1,"16":1,"17":1,"18":1,"19":1,"20":1,"21":1,"22":1,"23":1,"24":1,"25":1,"26":1,"27":1},"b":{"0":[0],"1":[1]}}
,"/Users/ginanjardp/Documents/AIZEN/SOURCE CODE/template-api-ts-clean-architecture/src/shared/responses/format.response.ts": {"path":"/Users/ginanjardp/Documents/AIZEN/SOURCE CODE/template-api-ts-clean-architecture/src/shared/responses/format.response.ts","statementMap":{"0":{"start":{"line":10,"column":8},"end":{"line":17,"column":10}},"1":{"start":{"line":27,"column":8},"end":{"line":35,"column":10}},"2":{"start":{"line":39,"column":8},"end":{"line":39,"column":null}},"3":{"start":{"line":43,"column":0},"end":{"line":43,"column":30}}},"fnMap":{"0":{"name":"(anonymous_0)","decl":{"start":{"line":4,"column":4},"end":{"line":4,"column":10}},"loc":{"start":{"line":8,"column":15},"end":{"line":18,"column":5}}},"1":{"name":"(anonymous_1)","decl":{"start":{"line":20,"column":4},"end":{"line":20,"column":10}},"loc":{"start":{"line":25,"column":15},"end":{"line":36,"column":5}}},"2":{"name":"(anonymous_2)","decl":{"start":{"line":38,"column":4},"end":{"line":38,"column":10}},"loc":{"start":{"line":38,"column":58},"end":{"line":40,"column":5}}}},"branchMap":{},"s":{"0":3,"1":1,"2":2,"3":3},"f":{"0":3,"1":1,"2":2},"b":{}}
,"/Users/ginanjardp/Documents/AIZEN/SOURCE CODE/template-api-ts-clean-architecture/src/shared/types/error.type.ts": {"path":"/Users/ginanjardp/Documents/AIZEN/SOURCE CODE/template-api-ts-clean-architecture/src/shared/types/error.type.ts","statementMap":{"0":{"start":{"line":17,"column":0},"end":{"line":17,"column":16}},"1":{"start":{"line":18,"column":4},"end":{"line":18,"column":74}}},"fnMap":{"0":{"name":"isAppError","decl":{"start":{"line":17,"column":16},"end":{"line":17,"column":26}},"loc":{"start":{"line":17,"column":42},"end":{"line":19,"column":1}}}},"branchMap":{"0":{"loc":{"start":{"line":18,"column":11},"end":{"line":18,"column":73}},"type":"binary-expr","locations":[{"start":{"line":18,"column":11},"end":{"line":18,"column":36}},{"start":{"line":18,"column":40},"end":{"line":18,"column":54}},{"start":{"line":18,"column":58},"end":{"line":18,"column":73}}]}},"s":{"0":1,"1":3},"f":{"0":3},"b":{"0":[3,3,3]}}
,"/Users/ginanjardp/Documents/AIZEN/SOURCE CODE/template-api-ts-clean-architecture/src/shared/types/index.ts": {"path":"/Users/ginanjardp/Documents/AIZEN/SOURCE CODE/template-api-ts-clean-architecture/src/shared/types/index.ts","statementMap":{"0":{"start":{"line":2,"column":0},"end":{"line":2,"column":45}},"1":{"start":{"line":15,"column":4},"end":{"line":2,"column":94}}},"fnMap":{"0":{"name":"(anonymous_0)","decl":{"start":{"line":15,"column":4},"end":{"line":15,"column":14}},"loc":{"start":{"line":15,"column":4},"end":{"line":2,"column":94}}}},"branchMap":{},"s":{"0":1,"1":4},"f":{"0":3},"b":{}}
,"/Users/ginanjardp/Documents/AIZEN/SOURCE CODE/template-api-ts-clean-architecture/src/shared/utils/index.ts": {"path":"/Users/ginanjardp/Documents/AIZEN/SOURCE CODE/template-api-ts-clean-architecture/src/shared/utils/index.ts","statementMap":{"0":{"start":{"line":1,"column":0},"end":{"line":1,"column":9}},"1":{"start":{"line":5,"column":4},"end":{"line":1,"column":68}},"2":{"start":{"line":2,"column":0},"end":{"line":2,"column":9}},"3":{"start":{"line":6,"column":4},"end":{"line":2,"column":65}}},"fnMap":{"0":{"name":"(anonymous_0)","decl":{"start":{"line":5,"column":4},"end":{"line":5,"column":20}},"loc":{"start":{"line":5,"column":4},"end":{"line":1,"column":68}}},"1":{"name":"(anonymous_1)","decl":{"start":{"line":6,"column":4},"end":{"line":6,"column":15}},"loc":{"start":{"line":6,"column":4},"end":{"line":2,"column":65}}}},"branchMap":{},"s":{"0":9,"1":9,"2":9,"3":16},"f":{"0":0,"1":7},"b":{}}
,"/Users/ginanjardp/Documents/AIZEN/SOURCE CODE/template-api-ts-clean-architecture/src/shared/utils/langcontext.util.ts": {"path":"/Users/ginanjardp/Documents/AIZEN/SOURCE CODE/template-api-ts-clean-architecture/src/shared/utils/langcontext.util.ts","statementMap":{"0":{"start":{"line":3,"column":12},"end":{"line":3,"column":32}},"1":{"start":{"line":6,"column":8},"end":{"line":8,"column":9}},"2":{"start":{"line":7,"column":12},"end":{"line":7,"column":53}},"3":{"start":{"line":9,"column":8},"end":{"line":9,"column":36}},"4":{"start":{"line":13,"column":8},"end":{"line":13,"column":25}},"5":{"start":{"line":17,"column":8},"end":{"line":17,"column":25}},"6":{"start":{"line":21,"column":13},"end":{"line":21,"column":53}}},"fnMap":{"0":{"name":"(anonymous_0)","decl":{"start":{"line":1,"column":0},"end":{"line":1,"column":6}},"loc":{"start":{"line":1,"column":0},"end":{"line":19,"column":1}}},"1":{"name":"(anonymous_1)","decl":{"start":{"line":5,"column":11},"end":{"line":5,"column":17}},"loc":{"start":{"line":5,"column":29},"end":{"line":10,"column":5}}},"2":{"name":"(anonymous_2)","decl":{"start":{"line":12,"column":11},"end":{"line":12,"column":18}},"loc":{"start":{"line":12,"column":31},"end":{"line":14,"column":5}}},"3":{"name":"(anonymous_3)","decl":{"start":{"line":16,"column":11},"end":{"line":16,"column":18}},"loc":{"start":{"line":16,"column":18},"end":{"line":18,"column":5}}}},"branchMap":{"0":{"loc":{"start":{"line":6,"column":8},"end":{"line":8,"column":9}},"type":"if","locations":[{"start":{"line":6,"column":8},"end":{"line":8,"column":9}},{"start":{},"end":{}}]}},"s":{"0":9,"1":9,"2":9,"3":9,"4":5,"5":7,"6":9},"f":{"0":9,"1":9,"2":5,"3":7},"b":{"0":[9,0]}}
,"/Users/ginanjardp/Documents/AIZEN/SOURCE CODE/template-api-ts-clean-architecture/src/shared/utils/translate.util.ts": {"path":"/Users/ginanjardp/Documents/AIZEN/SOURCE CODE/template-api-ts-clean-architecture/src/shared/utils/translate.util.ts","statementMap":{"0":{"start":{"line":1,"column":0},"end":{"line":1,"column":16}},"1":{"start":{"line":6,"column":21},"end":{"line":6,"column":76}},"2":{"start":{"line":7,"column":4},"end":{"line":7,"column":79}},"3":{"start":{"line":7,"column":54},"end":{"line":7,"column":77}}},"fnMap":{"0":{"name":"translateMessage","decl":{"start":{"line":1,"column":16},"end":{"line":1,"column":32}},"loc":{"start":{"line":4,"column":48},"end":{"line":8,"column":1}}},"1":{"name":"(anonymous_1)","decl":{"start":{"line":7,"column":44},"end":{"line":7,"column":45}},"loc":{"start":{"line":7,"column":54},"end":{"line":7,"column":77}}}},"branchMap":{"0":{"loc":{"start":{"line":4,"column":4},"end":{"line":4,"column":48}},"type":"default-arg","locations":[{"start":{"line":4,"column":46},"end":{"line":4,"column":48}}]},"1":{"loc":{"start":{"line":6,"column":21},"end":{"line":6,"column":76}},"type":"binary-expr","locations":[{"start":{"line":6,"column":21},"end":{"line":6,"column":32}},{"start":{"line":6,"column":36},"end":{"line":6,"column":53}},{"start":{"line":6,"column":57},"end":{"line":6,"column":76}}]},"2":{"loc":{"start":{"line":7,"column":61},"end":{"line":7,"column":76}},"type":"binary-expr","locations":[{"start":{"line":7,"column":61},"end":{"line":7,"column":70}},{"start":{"line":7,"column":74},"end":{"line":7,"column":76}}]}},"s":{"0":10,"1":10,"2":10,"3":8},"f":{"0":10,"1":8},"b":{"0":[2],"1":[10,2,1],"2":[8,1]}}
}
