TN:
SF:src/infrastructure/database/index.ts
FN:7,(anonymous_0)
FN:8,(anonymous_1)
FN:9,(anonymous_2)
FN:12,(anonymous_3)
FNF:4
FNH:1
FNDA:0,(anonymous_0)
FNDA:0,(anonymous_1)
FNDA:5,(anonymous_2)
FNDA:0,(anonymous_3)
DA:1,5
DA:2,5
DA:3,5
DA:4,5
DA:7,5
DA:8,5
DA:9,10
DA:12,5
LF:8
LH:8
BRF:0
BRH:0
end_of_record
TN:
SF:src/infrastructure/database/mongodb/base.repository.ts
FN:28,(anonymous_0)
FN:30,(anonymous_1)
FN:47,(anonymous_2)
FN:84,(anonymous_3)
FN:101,(anonymous_4)
FN:117,(anonymous_5)
FN:126,(anonymous_6)
FN:147,(anonymous_7)
FN:162,(anonymous_8)
FN:173,(anonymous_9)
FN:181,(anonymous_10)
FN:195,(anonymous_11)
FN:206,(anonymous_12)
FN:214,(anonymous_13)
FN:225,(anonymous_14)
FN:237,(anonymous_15)
FN:250,(anonymous_16)
FN:258,(anonymous_17)
FN:266,(anonymous_18)
FN:268,(anonymous_19)
FN:275,(anonymous_20)
FN:289,(anonymous_21)
FN:300,(anonymous_22)
FN:316,(anonymous_23)
FN:328,(anonymous_24)
FN:340,(anonymous_25)
FN:352,(anonymous_26)
FN:360,(anonymous_27)
FN:368,(anonymous_28)
FNF:29
FNH:0
FNDA:0,(anonymous_0)
FNDA:0,(anonymous_1)
FNDA:0,(anonymous_2)
FNDA:0,(anonymous_3)
FNDA:0,(anonymous_4)
FNDA:0,(anonymous_5)
FNDA:0,(anonymous_6)
FNDA:0,(anonymous_7)
FNDA:0,(anonymous_8)
FNDA:0,(anonymous_9)
FNDA:0,(anonymous_10)
FNDA:0,(anonymous_11)
FNDA:0,(anonymous_12)
FNDA:0,(anonymous_13)
FNDA:0,(anonymous_14)
FNDA:0,(anonymous_15)
FNDA:0,(anonymous_16)
FNDA:0,(anonymous_17)
FNDA:0,(anonymous_18)
FNDA:0,(anonymous_19)
FNDA:0,(anonymous_20)
FNDA:0,(anonymous_21)
FNDA:0,(anonymous_22)
FNDA:0,(anonymous_23)
FNDA:0,(anonymous_24)
FNDA:0,(anonymous_25)
FNDA:0,(anonymous_26)
FNDA:0,(anonymous_27)
FNDA:0,(anonymous_28)
DA:1,5
DA:3,5
DA:27,5
DA:28,0
DA:33,0
DA:40,0
DA:42,0
DA:43,0
DA:45,0
DA:47,0
DA:48,0
DA:49,0
DA:53,0
DA:57,0
DA:77,0
DA:78,0
DA:80,0
DA:93,0
DA:95,0
DA:96,0
DA:98,0
DA:106,0
DA:107,0
DA:108,0
DA:109,0
DA:111,0
DA:113,0
DA:118,0
DA:119,0
DA:120,0
DA:122,0
DA:132,0
DA:133,0
DA:143,0
DA:153,0
DA:154,0
DA:155,0
DA:156,0
DA:158,0
DA:166,0
DA:167,0
DA:169,0
DA:174,0
DA:175,0
DA:177,0
DA:186,0
DA:187,0
DA:191,0
DA:199,0
DA:200,0
DA:202,0
DA:207,0
DA:208,0
DA:210,0
DA:218,0
DA:219,0
DA:221,0
DA:230,0
DA:231,0
DA:233,0
DA:243,0
DA:244,0
DA:246,0
DA:251,0
DA:252,0
DA:254,0
DA:259,0
DA:260,0
DA:262,0
DA:267,0
DA:268,0
DA:269,0
DA:271,0
DA:280,0
DA:281,0
DA:285,0
DA:293,0
DA:294,0
DA:296,0
DA:307,0
DA:308,0
DA:309,0
DA:310,0
DA:312,0
DA:321,0
DA:322,0
DA:324,0
DA:333,0
DA:334,0
DA:336,0
DA:345,0
DA:346,0
DA:348,0
DA:353,0
DA:354,0
DA:356,0
DA:361,0
DA:362,0
DA:364,0
DA:369,0
DA:370,0
DA:372,0
LF:102
LH:3
BRDA:35,0,0,0
BRDA:36,1,0,0
BRDA:37,2,0,0
BRDA:38,3,0,0
BRDA:42,4,0,0
BRDA:42,4,1,0
BRDA:43,5,0,0
BRDA:43,5,1,0
BRDA:48,6,0,0
BRDA:48,6,1,0
BRDA:48,7,0,0
BRDA:48,7,1,0
BRDA:54,8,0,0
BRDA:54,8,1,0
BRDA:85,9,0,0
BRDA:95,10,0,0
BRDA:95,10,1,0
BRDA:96,11,0,0
BRDA:96,11,1,0
BRDA:108,12,0,0
BRDA:108,12,1,0
BRDA:155,13,0,0
BRDA:155,13,1,0
BRDA:175,14,0,0
BRDA:175,14,1,0
BRDA:206,15,0,0
BRDA:216,16,0,0
BRDA:304,17,0,0
BRDA:308,18,0,0
BRDA:308,18,1,0
BRDA:322,19,0,0
BRDA:322,19,1,0
BRDA:346,20,0,0
BRDA:346,20,1,0
BRDA:362,21,0,0
BRDA:362,21,1,0
BRF:36
BRH:0
end_of_record
TN:
SF:src/infrastructure/database/mongodb/base.transaction.ts
FN:3,runInTransaction
FNF:1
FNH:0
FNDA:0,runInTransaction
DA:1,5
DA:3,5
DA:6,0
DA:7,0
DA:9,0
DA:10,0
DA:11,0
DA:12,0
DA:14,0
DA:15,0
DA:17,0
LF:11
LH:2
BRF:0
BRH:0
end_of_record
TN:
SF:src/infrastructure/database/mongodb/connection.database.ts
FN:4,connectDatabase
FN:16,(anonymous_2)
FNF:2
FNH:0
FNDA:0,connectDatabase
FNDA:0,(anonymous_2)
DA:1,5
DA:2,5
DA:4,5
DA:5,0
DA:6,0
DA:12,0
DA:13,0
DA:14,0
DA:16,0
DA:17,0
DA:18,0
DA:19,0
DA:23,0
DA:24,0
DA:25,0
LF:15
LH:3
BRDA:5,0,0,0
BRDA:5,0,1,0
BRF:2
BRH:0
end_of_record
TN:
SF:src/infrastructure/database/mongodb/model.factory.ts
FN:12,CreateModel
FN:35,(anonymous_10)
FNF:2
FNH:0
FNDA:0,CreateModel
FNDA:0,(anonymous_10)
DA:1,5
DA:12,5
DA:21,0
DA:30,0
DA:34,0
DA:35,0
DA:36,0
DA:40,0
LF:8
LH:2
BRDA:34,0,0,0
BRDA:34,0,1,0
BRF:2
BRH:0
end_of_record
TN:
SF:src/infrastructure/logger/index.ts
FNF:0
FNH:0
DA:1,5
DA:3,5
LF:2
LH:2
BRF:0
BRH:0
end_of_record
TN:
SF:src/infrastructure/logger/winston/format.ts
FN:4,(anonymous_1)
FNF:1
FNH:0
FNDA:0,(anonymous_1)
DA:1,5
DA:2,5
DA:4,5
DA:5,0
DA:6,0
DA:17,0
DA:20,5
LF:7
LH:4
BRDA:8,0,0,0
BRDA:8,0,1,0
BRDA:12,1,0,0
BRDA:12,1,1,0
BRDA:13,2,0,0
BRDA:13,2,1,0
BRF:6
BRH:0
end_of_record
TN:
SF:src/infrastructure/logger/winston/logger.ts
FN:10,(anonymous_1)
FN:11,(anonymous_2)
FN:17,(anonymous_3)
FN:24,(anonymous_4)
FN:28,(anonymous_5)
FN:32,(anonymous_6)
FN:36,(anonymous_7)
FN:40,(anonymous_8)
FN:44,(anonymous_9)
FN:50,(anonymous_10)
FN:56,(anonymous_11)
FN:62,(anonymous_12)
FN:68,(anonymous_13)
FN:74,(anonymous_14)
FN:80,(anonymous_15)
FN:89,(anonymous_16)
FN:98,(anonymous_17)
FN:107,(anonymous_18)
FN:111,(anonymous_19)
FN:119,(anonymous_20)
FN:126,(anonymous_21)
FN:140,(anonymous_22)
FN:147,(anonymous_23)
FN:166,(anonymous_24)
FN:185,(anonymous_25)
FN:200,(anonymous_26)
FN:215,(anonymous_27)
FN:115,(anonymous_28)
FNF:28
FNH:1
FNDA:5,(anonymous_1)
FNDA:0,(anonymous_2)
FNDA:0,(anonymous_3)
FNDA:0,(anonymous_4)
FNDA:0,(anonymous_5)
FNDA:0,(anonymous_6)
FNDA:0,(anonymous_7)
FNDA:0,(anonymous_8)
FNDA:0,(anonymous_9)
FNDA:0,(anonymous_10)
FNDA:0,(anonymous_11)
FNDA:0,(anonymous_12)
FNDA:0,(anonymous_13)
FNDA:0,(anonymous_14)
FNDA:0,(anonymous_15)
FNDA:0,(anonymous_16)
FNDA:0,(anonymous_17)
FNDA:0,(anonymous_18)
FNDA:0,(anonymous_19)
FNDA:0,(anonymous_20)
FNDA:0,(anonymous_21)
FNDA:0,(anonymous_22)
FNDA:0,(anonymous_23)
FNDA:0,(anonymous_24)
FNDA:0,(anonymous_25)
FNDA:0,(anonymous_26)
FNDA:0,(anonymous_27)
FNDA:0,(anonymous_28)
DA:2,5
DA:3,5
DA:4,5
DA:8,5
DA:10,5
DA:11,5
DA:12,0
DA:13,0
DA:14,0
DA:17,5
DA:18,0
DA:24,5
DA:25,0
DA:28,5
DA:29,0
DA:32,5
DA:33,0
DA:36,5
DA:37,0
DA:40,5
DA:41,0
DA:44,5
DA:45,0
DA:46,0
DA:47,0
DA:50,5
DA:51,0
DA:52,0
DA:53,0
DA:56,5
DA:57,0
DA:58,0
DA:59,0
DA:62,5
DA:63,0
DA:64,0
DA:65,0
DA:68,5
DA:69,0
DA:70,0
DA:71,0
DA:74,5
DA:75,0
DA:76,0
DA:77,0
DA:80,5
DA:81,0
DA:82,0
DA:83,0
DA:89,5
DA:90,0
DA:91,0
DA:92,0
DA:98,5
DA:99,0
DA:100,0
DA:104,0
DA:107,5
DA:108,0
DA:111,5
DA:112,0
DA:116,0
DA:119,5
DA:120,0
DA:126,5
DA:130,0
DA:140,5
DA:141,0
DA:147,5
DA:152,0
DA:166,5
DA:171,0
DA:185,5
DA:190,0
DA:200,5
DA:205,0
DA:215,5
DA:216,0
LF:78
LH:31
BRDA:13,0,0,0
BRDA:13,0,1,0
BRDA:131,1,0,0
BRDA:131,1,1,0
BRDA:133,2,0,0
BRDA:133,2,1,0
BRDA:136,3,0,0
BRDA:136,3,1,0
BRDA:150,4,0,0
BRDA:169,5,0,0
BRDA:188,6,0,0
BRDA:194,7,0,0
BRDA:194,7,1,0
BRDA:203,8,0,0
BRDA:215,9,0,0
BRF:15
BRH:0
end_of_record
TN:
SF:src/infrastructure/logger/winston/transaporter.ts
FN:14,(anonymous_1)
FNF:1
FNH:0
FNDA:0,(anonymous_1)
DA:1,5
DA:2,5
DA:3,5
DA:4,5
DA:6,5
DA:14,0
DA:27,5
DA:30,0
DA:48,5
LF:9
LH:7
BRDA:27,0,0,0
BRDA:27,0,1,5
BRF:2
BRH:1
end_of_record
TN:
SF:src/modules/user/repositories/user.repository.ts
FN:7,(anonymous_2)
FN:11,(anonymous_3)
FNF:2
FNH:0
FNDA:0,(anonymous_2)
FNDA:0,(anonymous_3)
DA:1,5
DA:3,5
DA:6,5
DA:8,0
DA:12,0
LF:5
LH:3
BRF:0
BRH:0
end_of_record
TN:
SF:src/modules/user/transformers/user.transform.ts
FN:3,(anonymous_0)
FN:14,(anonymous_1)
FN:15,(anonymous_2)
FN:18,(anonymous_3)
FNF:4
FNH:4
FNDA:4,(anonymous_0)
FNDA:4,(anonymous_1)
FNDA:2,(anonymous_2)
FNDA:2,(anonymous_3)
DA:2,1
DA:4,4
DA:5,3
DA:15,4
DA:19,2
LF:5
LH:5
BRDA:4,0,0,1
BRDA:4,0,1,3
BRF:2
BRH:2
end_of_record
TN:
SF:src/modules/user/usecases/create.usecase.ts
FN:9,(anonymous_4)
FN:12,(anonymous_5)
FN:13,(anonymous_6)
FNF:3
FNH:3
FNDA:1,(anonymous_4)
FNDA:1,(anonymous_5)
FNDA:1,(anonymous_6)
DA:1,5
DA:3,5
DA:5,5
DA:8,5
DA:10,1
DA:13,1
DA:14,1
DA:21,1
LF:8
LH:8
BRF:0
BRH:0
end_of_record
TN:
SF:src/modules/user/usecases/delete.usecase.ts
FN:10,(anonymous_4)
FN:14,(anonymous_5)
FN:18,(anonymous_6)
FNF:3
FNH:3
FNDA:2,(anonymous_4)
FNDA:2,(anonymous_5)
FNDA:1,(anonymous_6)
DA:1,5
DA:3,5
DA:5,5
DA:6,5
DA:9,5
DA:11,2
DA:15,2
DA:16,2
DA:18,1
DA:19,1
DA:22,1
LF:11
LH:11
BRDA:16,0,0,1
BRDA:16,0,1,1
BRF:2
BRH:2
end_of_record
TN:
SF:src/modules/user/usecases/detail.usecase.ts
FN:9,(anonymous_4)
FN:13,(anonymous_5)
FNF:2
FNH:2
FNDA:2,(anonymous_4)
FNDA:2,(anonymous_5)
DA:1,5
DA:3,5
DA:5,5
DA:8,5
DA:10,2
DA:14,2
DA:15,2
DA:16,1
LF:8
LH:8
BRDA:15,0,0,1
BRDA:15,0,1,1
BRF:2
BRH:2
end_of_record
TN:
SF:src/modules/user/usecases/get.usecase.ts
FN:9,(anonymous_4)
FN:12,(anonymous_5)
FNF:2
FNH:2
FNDA:1,(anonymous_4)
FNDA:1,(anonymous_5)
DA:1,5
DA:3,5
DA:8,5
DA:10,1
DA:13,1
LF:5
LH:5
BRF:0
BRH:0
end_of_record
TN:
SF:src/modules/user/usecases/index.ts
FN:7,(anonymous_0)
FN:7,(anonymous_1)
FN:7,(anonymous_2)
FN:7,(anonymous_3)
FN:7,(anonymous_4)
FNF:5
FNH:5
FNDA:1,(anonymous_0)
FNDA:1,(anonymous_1)
FNDA:2,(anonymous_2)
FNDA:2,(anonymous_3)
FNDA:2,(anonymous_4)
DA:1,5
DA:2,5
DA:3,5
DA:4,5
DA:5,5
DA:7,7
LF:6
LH:6
BRF:0
BRH:0
end_of_record
TN:
SF:src/modules/user/usecases/update.usecase.ts
FN:10,(anonymous_4)
FN:13,(anonymous_5)
FN:14,(anonymous_6)
FNF:3
FNH:3
FNDA:2,(anonymous_4)
FNDA:2,(anonymous_5)
FNDA:2,(anonymous_6)
DA:1,5
DA:3,5
DA:5,5
DA:6,5
DA:9,5
DA:11,2
DA:14,2
DA:15,2
DA:23,2
DA:24,2
DA:26,1
DA:29,1
LF:12
LH:12
BRDA:24,0,0,1
BRDA:24,0,1,1
BRF:2
BRH:2
end_of_record
TN:
SF:src/presentation/grpc/handler/grpc.handler.ts
FN:8,wrapUnaryHandler
FN:11,(anonymous_1)
FN:15,(anonymous_2)
FN:26,registerGrpcHandlers
FNF:4
FNH:4
FNDA:3,wrapUnaryHandler
FNDA:2,(anonymous_1)
FNDA:2,(anonymous_2)
FNDA:1,registerGrpcHandlers
DA:2,1
DA:3,1
DA:4,1
DA:5,1
DA:8,1
DA:11,3
DA:15,2
DA:16,2
DA:17,2
DA:18,1
DA:20,1
DA:26,1
DA:27,1
DA:28,1
DA:29,1
DA:31,1
DA:32,1
DA:33,1
DA:34,1
DA:38,1
DA:41,1
LF:21
LH:21
BRDA:20,0,0,1
BRDA:20,0,1,0
BRF:2
BRH:1
end_of_record
TN:
SF:src/presentation/grpc/interceptors/compose.interceptor.ts
FN:7,composeInterceptors
FN:11,(anonymous_1)
FN:13,(anonymous_2)
FN:14,(anonymous_3)
FNF:4
FNH:4
FNDA:3,composeInterceptors
FNDA:3,(anonymous_1)
FNDA:3,(anonymous_2)
FNDA:3,(anonymous_3)
DA:1,1
DA:7,1
DA:11,3
DA:12,3
DA:14,3
DA:15,3
DA:16,3
DA:18,1
DA:19,1
DA:29,3
LF:10
LH:10
BRDA:21,0,0,1
BRDA:21,0,1,0
BRF:2
BRH:1
end_of_record
TN:
SF:src/presentation/grpc/interceptors/error.interceptor.ts
FN:5,(anonymous_0)
FN:49,mapHttpToGrpcStatus
FNF:2
FNH:1
FNDA:1,(anonymous_0)
FNDA:0,mapHttpToGrpcStatus
DA:1,2
DA:3,2
DA:5,2
DA:6,1
DA:7,1
DA:9,0
DA:11,0
DA:12,0
DA:14,0
DA:15,0
DA:16,0
DA:18,0
DA:19,0
DA:22,0
DA:23,0
DA:25,0
DA:26,0
DA:29,0
DA:34,0
DA:37,0
DA:45,0
DA:50,0
DA:51,0
DA:52,0
DA:53,0
DA:54,0
DA:55,0
DA:56,0
DA:57,0
DA:58,0
DA:59,0
LF:31
LH:5
BRDA:14,0,0,0
BRDA:14,0,1,0
BRDA:15,1,0,0
BRDA:15,1,1,0
BRDA:18,2,0,0
BRDA:18,2,1,0
BRDA:22,3,0,0
BRDA:22,3,1,0
BRDA:25,4,0,0
BRDA:25,4,1,0
BRDA:29,5,0,0
BRDA:29,5,1,0
BRDA:30,6,0,0
BRDA:30,6,1,0
BRDA:30,6,2,0
BRDA:50,7,0,0
BRDA:50,7,1,0
BRDA:50,7,2,0
BRDA:50,7,3,0
BRDA:50,7,4,0
BRDA:50,7,5,0
BRDA:50,7,6,0
BRDA:50,7,7,0
BRDA:50,7,8,0
BRF:24
BRH:0
end_of_record
TN:
SF:src/presentation/grpc/interceptors/request.interceptor.ts
FN:12,grpcRequestInterceptor
FN:13,(anonymous_1)
FNF:2
FNH:2
FNDA:3,grpcRequestInterceptor
FNDA:3,(anonymous_1)
DA:1,1
DA:2,1
DA:3,1
DA:10,1
DA:12,1
DA:13,3
DA:21,3
DA:22,3
DA:23,3
DA:24,3
DA:25,2
DA:26,2
DA:29,3
DA:30,3
DA:32,3
DA:41,3
DA:42,3
DA:44,1
DA:46,1
DA:54,1
LF:20
LH:20
BRDA:24,0,0,2
BRDA:24,0,1,1
BRDA:29,1,0,2
BRDA:29,1,1,1
BRF:4
BRH:4
end_of_record
TN:
SF:src/presentation/grpc/interceptors/validator.interceptor.ts
FN:6,grpcValidateRequest
FN:9,(anonymous_1)
FN:20,(anonymous_2)
FNF:3
FNH:3
FNDA:2,grpcValidateRequest
FNDA:2,(anonymous_1)
FNDA:1,(anonymous_2)
DA:1,1
DA:2,1
DA:3,1
DA:6,1
DA:9,2
DA:14,2
DA:15,2
DA:17,2
DA:18,1
DA:19,1
DA:21,1
DA:22,1
DA:25,1
DA:33,1
DA:34,1
DA:37,1
LF:16
LH:16
BRDA:17,0,0,1
BRDA:17,0,1,1
BRDA:21,1,0,1
BRDA:21,1,1,0
BRF:4
BRH:3
end_of_record
TN:
SF:src/presentation/grpc/responses/grpc.response.ts
FN:6,success
FN:23,created
FN:40,error
FN:61,badRequest
FN:65,notFound
FN:69,internalServerError
FN:73,unauthorized
FN:77,forbidden
FNF:8
FNH:8
FNDA:1,success
FNDA:1,created
FNDA:6,error
FNDA:1,badRequest
FNDA:1,notFound
FNDA:1,internalServerError
FNDA:1,unauthorized
FNDA:1,forbidden
DA:1,1
DA:2,1
DA:3,1
DA:6,1
DA:11,1
DA:20,1
DA:23,1
DA:28,1
DA:37,1
DA:40,1
DA:46,6
DA:47,6
DA:48,6
DA:50,6
DA:58,6
DA:61,1
DA:62,1
DA:65,1
DA:66,1
DA:69,1
DA:70,1
DA:73,1
DA:74,1
DA:77,1
DA:78,1
LF:25
LH:25
BRDA:54,0,0,0
BRDA:54,0,1,6
BRF:2
BRH:1
end_of_record
TN:
SF:src/presentation/http/middlewares/error.middleware.ts
FN:7,notFoundHandler
FN:15,globalErrorHandler
FN:20,(anonymous_3)
FNF:3
FNH:3
FNDA:1,notFoundHandler
FNDA:3,globalErrorHandler
FNDA:2,(anonymous_3)
DA:2,1
DA:3,1
DA:4,1
DA:5,1
DA:7,1
DA:8,1
DA:15,1
DA:16,3
DA:17,3
DA:19,3
DA:20,2
DA:21,2
DA:22,2
DA:24,1
DA:25,0
DA:27,1
DA:30,3
DA:32,3
DA:33,0
DA:34,0
DA:37,3
DA:39,3
DA:45,3
DA:50,3
LF:24
LH:21
BRDA:16,0,0,3
BRDA:16,0,1,0
BRDA:19,1,0,2
BRDA:19,1,1,1
BRDA:21,2,0,0
BRDA:21,2,1,2
BRDA:24,3,0,0
BRDA:24,3,1,1
BRDA:32,4,0,0
BRDA:32,4,1,3
BRDA:37,5,0,3
BRDA:37,5,1,0
BRDA:37,5,2,0
BRF:13
BRH:7
end_of_record
TN:
SF:src/presentation/http/middlewares/request.middleware.ts
FN:6,RequestMiddleware
FNF:1
FNH:1
FNDA:3,RequestMiddleware
DA:2,1
DA:3,1
DA:4,1
DA:6,1
DA:7,3
DA:8,3
DA:9,3
DA:11,3
DA:12,3
DA:13,3
DA:15,3
DA:16,3
DA:18,3
DA:29,3
DA:30,3
LF:15
LH:15
BRDA:7,0,0,3
BRDA:7,0,1,2
BRDA:9,1,0,3
BRDA:9,1,1,0
BRDA:12,2,0,2
BRDA:12,2,1,1
BRDA:12,3,0,3
BRDA:12,3,1,2
BRF:8
BRH:7
end_of_record
TN:
SF:src/presentation/http/middlewares/validator.middleware.ts
FN:6,validateRequest
FN:7,(anonymous_1)
FN:21,(anonymous_2)
FNF:3
FNH:3
FNDA:2,validateRequest
FNDA:2,(anonymous_1)
FNDA:2,(anonymous_2)
DA:1,1
DA:2,1
DA:4,1
DA:6,1
DA:7,2
DA:8,2
DA:14,2
DA:15,2
DA:20,2
DA:21,2
DA:25,1
DA:28,1
LF:12
LH:12
BRDA:20,0,0,1
BRDA:20,0,1,1
BRF:2
BRH:2
end_of_record
TN:
SF:src/presentation/http/responses/http.response.ts
FN:7,(anonymous_1)
FN:22,(anonymous_2)
FN:39,(anonymous_3)
FN:50,(anonymous_4)
FN:65,(anonymous_5)
FN:74,(anonymous_6)
FN:83,(anonymous_7)
FN:92,(anonymous_8)
FN:101,(anonymous_9)
FN:110,(anonymous_10)
FNF:10
FNH:10
FNDA:1,(anonymous_1)
FNDA:1,(anonymous_2)
FNDA:1,(anonymous_3)
FNDA:1,(anonymous_4)
FNDA:2,(anonymous_5)
FNDA:1,(anonymous_6)
FNDA:1,(anonymous_7)
FNDA:1,(anonymous_8)
FNDA:2,(anonymous_9)
FNDA:2,(anonymous_10)
DA:2,1
DA:3,1
DA:12,1
DA:19,1
DA:28,1
DA:36,1
DA:44,1
DA:55,1
DA:69,2
DA:78,1
DA:87,1
DA:96,1
DA:105,2
DA:115,2
DA:117,1
DA:118,1
DA:121,0
DA:122,0
DA:125,0
DA:126,0
DA:129,0
DA:130,0
DA:133,1
DA:134,1
DA:137,0
DA:138,0
DA:144,1
LF:27
LH:19
BRDA:115,0,0,1
BRDA:115,0,1,0
BRDA:115,0,2,0
BRDA:115,0,3,0
BRDA:115,0,4,1
BRDA:115,0,5,0
BRF:6
BRH:2
end_of_record
TN:
SF:src/shared/constants/code/http.code.ts
FNF:0
FNH:0
DA:1,9
DA:244,9
LF:2
LH:2
BRF:0
BRH:0
end_of_record
TN:
SF:src/shared/constants/code/index.ts
FNF:0
FNH:0
DA:1,9
DA:2,9
DA:5,9
DA:6,9
LF:4
LH:4
BRF:0
BRH:0
end_of_record
TN:
SF:src/shared/constants/code/internal.code.ts
FNF:0
FNH:0
DA:1,12
DA:146,12
LF:2
LH:2
BRF:0
BRH:0
end_of_record
TN:
SF:src/shared/constants/messages/errors/en.ts
FNF:0
FNH:0
DA:1,8
DA:30,8
LF:2
LH:2
BRF:0
BRH:0
end_of_record
TN:
SF:src/shared/constants/messages/errors/id.ts
FNF:0
FNH:0
DA:1,8
DA:30,8
LF:2
LH:2
BRF:0
BRH:0
end_of_record
TN:
SF:src/shared/constants/messages/errors/index.ts
FN:5,messages
FNF:1
FNH:1
FNDA:4,messages
DA:1,8
DA:2,8
DA:4,8
DA:5,8
DA:6,4
LF:5
LH:5
BRDA:6,0,0,4
BRDA:6,0,1,0
BRF:2
BRH:1
end_of_record
TN:
SF:src/shared/errors/format.error.ts
FN:11,(anonymous_0)
FNF:1
FNH:1
FNDA:32,(anonymous_0)
DA:12,32
DA:13,32
DA:14,32
DA:15,32
DA:19,10
LF:5
LH:5
BRF:0
BRH:0
end_of_record
TN:
SF:src/shared/errors/http.error.ts
FN:12,(anonymous_0)
FN:22,(anonymous_1)
FN:30,(anonymous_2)
FN:38,(anonymous_3)
FN:46,(anonymous_4)
FN:54,(anonymous_5)
FN:62,(anonymous_6)
FNF:7
FNH:7
FNDA:12,(anonymous_0)
FNDA:3,(anonymous_1)
FNDA:2,(anonymous_2)
FNDA:2,(anonymous_3)
FNDA:1,(anonymous_4)
FNDA:1,(anonymous_5)
FNDA:2,(anonymous_6)
DA:1,7
DA:13,12
DA:14,12
DA:15,12
DA:16,12
DA:17,12
DA:23,3
DA:31,2
DA:39,2
DA:47,1
DA:55,1
DA:63,2
DA:67,7
DA:68,7
LF:14
LH:14
BRDA:62,0,0,1
BRF:1
BRH:1
end_of_record
TN:
SF:src/shared/errors/index.ts
FNF:0
FNH:0
DA:1,6
DA:2,6
DA:5,6
DA:6,6
LF:4
LH:4
BRF:0
BRH:0
end_of_record
TN:
SF:src/shared/errors/internal.error.ts
FN:18,(anonymous_1)
FN:26,(anonymous_2)
FN:35,(anonymous_3)
FN:44,(anonymous_4)
FN:52,(anonymous_5)
FN:60,(anonymous_6)
FN:68,(anonymous_7)
FN:76,(anonymous_8)
FN:84,(anonymous_9)
FN:92,(anonymous_10)
FN:101,(anonymous_11)
FN:110,(anonymous_12)
FN:119,(anonymous_13)
FN:128,(anonymous_14)
FN:136,(anonymous_15)
FN:144,(anonymous_16)
FN:152,(anonymous_17)
FN:160,(anonymous_18)
FN:168,(anonymous_19)
FN:176,(anonymous_20)
FN:184,(anonymous_21)
FN:192,(anonymous_22)
FN:200,(anonymous_23)
FN:208,(anonymous_24)
FN:216,(anonymous_25)
FN:224,(anonymous_26)
FN:232,(anonymous_27)
FN:240,(anonymous_28)
FNF:28
FNH:28
FNDA:31,(anonymous_1)
FNDA:5,(anonymous_2)
FNDA:1,(anonymous_3)
FNDA:1,(anonymous_4)
FNDA:1,(anonymous_5)
FNDA:1,(anonymous_6)
FNDA:1,(anonymous_7)
FNDA:1,(anonymous_8)
FNDA:1,(anonymous_9)
FNDA:1,(anonymous_10)
FNDA:1,(anonymous_11)
FNDA:1,(anonymous_12)
FNDA:1,(anonymous_13)
FNDA:1,(anonymous_14)
FNDA:1,(anonymous_15)
FNDA:1,(anonymous_16)
FNDA:1,(anonymous_17)
FNDA:1,(anonymous_18)
FNDA:1,(anonymous_19)
FNDA:1,(anonymous_20)
FNDA:1,(anonymous_21)
FNDA:1,(anonymous_22)
FNDA:1,(anonymous_23)
FNDA:1,(anonymous_24)
FNDA:1,(anonymous_25)
FNDA:1,(anonymous_26)
FNDA:1,(anonymous_27)
FNDA:1,(anonymous_28)
DA:1,9
DA:2,9
DA:3,9
DA:4,9
DA:5,9
DA:19,31
DA:20,31
DA:21,31
DA:27,5
DA:28,5
DA:29,5
DA:30,5
DA:36,1
DA:37,1
DA:38,1
DA:39,1
DA:45,1
DA:46,1
DA:47,1
DA:53,1
DA:54,1
DA:55,1
DA:61,1
DA:62,1
DA:63,1
DA:69,1
DA:70,1
DA:71,1
DA:77,1
DA:78,1
DA:79,1
DA:85,1
DA:86,1
DA:87,1
DA:93,1
DA:94,1
DA:95,1
DA:96,1
DA:102,1
DA:103,1
DA:104,1
DA:105,1
DA:111,1
DA:112,1
DA:113,1
DA:114,1
DA:120,1
DA:121,1
DA:122,1
DA:123,1
DA:129,1
DA:130,1
DA:131,1
DA:137,1
DA:138,1
DA:139,1
DA:145,1
DA:146,1
DA:147,1
DA:153,1
DA:154,1
DA:155,1
DA:161,1
DA:162,1
DA:163,1
DA:169,1
DA:170,1
DA:171,1
DA:177,1
DA:178,1
DA:179,1
DA:185,1
DA:186,1
DA:187,1
DA:193,1
DA:194,1
DA:195,1
DA:201,1
DA:202,1
DA:203,1
DA:209,1
DA:210,1
DA:211,1
DA:217,1
DA:218,1
DA:219,1
DA:225,1
DA:226,1
DA:227,1
DA:233,1
DA:234,1
DA:235,1
DA:241,1
DA:242,1
DA:243,1
DA:244,1
DA:249,9
DA:250,9
DA:251,9
DA:252,9
DA:253,9
DA:254,9
DA:255,9
DA:256,9
DA:257,9
DA:258,9
DA:259,9
DA:260,9
DA:261,9
DA:262,9
DA:263,9
DA:264,9
DA:265,9
DA:266,9
DA:267,9
DA:268,9
DA:269,9
DA:270,9
DA:271,9
DA:272,9
DA:273,9
DA:274,9
DA:275,9
DA:276,9
LF:124
LH:124
BRDA:52,0,0,0
BRDA:60,1,0,1
BRF:2
BRH:1
end_of_record
TN:
SF:src/shared/responses/format.response.ts
FN:4,(anonymous_0)
FN:20,(anonymous_1)
FN:38,(anonymous_2)
FNF:3
FNH:3
FNDA:3,(anonymous_0)
FNDA:1,(anonymous_1)
FNDA:2,(anonymous_2)
DA:10,3
DA:27,1
DA:39,2
DA:43,3
LF:4
LH:4
BRF:0
BRH:0
end_of_record
TN:
SF:src/shared/types/error.type.ts
FN:17,isAppError
FNF:1
FNH:1
FNDA:3,isAppError
DA:17,1
DA:18,3
LF:2
LH:2
BRDA:18,0,0,3
BRDA:18,0,1,3
BRDA:18,0,2,3
BRF:3
BRH:3
end_of_record
TN:
SF:src/shared/types/index.ts
FN:15,(anonymous_0)
FNF:1
FNH:1
FNDA:3,(anonymous_0)
DA:2,1
DA:15,4
LF:2
LH:2
BRF:0
BRH:0
end_of_record
TN:
SF:src/shared/utils/index.ts
FN:5,(anonymous_0)
FN:6,(anonymous_1)
FNF:2
FNH:1
FNDA:0,(anonymous_0)
FNDA:7,(anonymous_1)
DA:1,9
DA:2,9
DA:5,9
DA:6,16
LF:4
LH:4
BRF:0
BRH:0
end_of_record
TN:
SF:src/shared/utils/langcontext.util.ts
FN:1,(anonymous_0)
FN:5,(anonymous_1)
FN:12,(anonymous_2)
FN:16,(anonymous_3)
FNF:4
FNH:4
FNDA:9,(anonymous_0)
FNDA:9,(anonymous_1)
FNDA:5,(anonymous_2)
FNDA:7,(anonymous_3)
DA:3,9
DA:6,9
DA:7,9
DA:9,9
DA:13,5
DA:17,7
DA:21,9
LF:7
LH:7
BRDA:6,0,0,9
BRDA:6,0,1,0
BRF:2
BRH:1
end_of_record
TN:
SF:src/shared/utils/translate.util.ts
FN:1,translateMessage
FN:7,(anonymous_1)
FNF:2
FNH:2
FNDA:10,translateMessage
FNDA:8,(anonymous_1)
DA:1,10
DA:6,10
DA:7,10
LF:3
LH:3
BRDA:4,0,0,2
BRDA:6,1,0,10
BRDA:6,1,1,2
BRDA:6,1,2,1
BRDA:7,2,0,8
BRDA:7,2,1,1
BRF:6
BRH:6
end_of_record
